#
# There is insufficient memory for the Java Runtime Environment to continue.
# Native memory allocation (mmap) failed to map 65536 bytes for Failed to commit metaspace.
# Possible reasons:
#   The system is out of physical RAM or swap space
#   The process is running with CompressedOops enabled, and the Java Heap may be blocking the growth of the native heap
# Possible solutions:
#   Reduce memory load on the system
#   Increase physical memory or swap space
#   Check if swap backing store is full
#   Decrease Java heap size (-Xmx/-Xms)
#   Decrease number of Java threads
#   Decrease Java thread stack sizes (-Xss)
#   Set larger code cache with -XX:ReservedCodeCacheSize=
#   JVM is running with Unscaled Compressed Oops mode in which the Java heap is
#     placed in the first 4GB address space. The Java Heap base address is the
#     maximum limit for the native heap growth. Please use -XX:HeapBaseMinAddress
#     to set the Java Heap base and to place the Java Heap above 4GB virtual address.
# This output file may be truncated or incomplete.
#
#  Out of Memory Error (virtualSpaceNode.cpp:112), pid=14000, tid=11956
#
# JRE version: Java(TM) SE Runtime Environment (21.0.1+12) (build 21.0.1+12-LTS-29)
# Java VM: Java HotSpot(TM) 64-Bit Server VM (21.0.1+12-LTS-29, mixed mode, sharing, tiered, compressed oops, compressed class ptrs, g1 gc, windows-amd64)
# No core dump will be written. Minidumps are not enabled by default on client versions of Windows
#

---------------  S U M M A R Y ------------

Command Line: -XX:+ShowCodeDetailsInExceptionMessages com.example.demo1.Demo1Application

Host: AMD Ryzen 5 5625U with Radeon Graphics         , 12 cores, 3G,  Windows 11 , 64 bit Build 22621 (10.0.22621.4391)
Time: Fri Feb 21 16:34:30 2025 India Standard Time elapsed time: 1.586927 seconds (0d 0h 0m 1s)

---------------  T H R E A D  ---------------

Current thread (0x000001f8dba0c6a0):  JavaThread "background-preinit"        [_thread_in_vm, id=11956, stack(0x0000002ded900000,0x0000002deda00000) (1024K)]

Stack: [0x0000002ded900000,0x0000002deda00000]
Native frames: (J=compiled Java code, j=interpreted, Vv=VM code, C=native code)
V  [jvm.dll+0x6c9029]
V  [jvm.dll+0x854b81]
V  [jvm.dll+0x856e5e]
V  [jvm.dll+0x857543]
V  [jvm.dll+0x280c06]
V  [jvm.dll+0x8508ae]
V  [jvm.dll+0x66ca45]
V  [jvm.dll+0x1e677c]
V  [jvm.dll+0x1e654e]
V  [jvm.dll+0x66f35c]
V  [jvm.dll+0x66f172]
V  [jvm.dll+0x66d41e]
V  [jvm.dll+0x26c581]
V  [jvm.dll+0x2184f7]
V  [jvm.dll+0x20dc4e]
V  [jvm.dll+0x5ac6dc]
V  [jvm.dll+0x7cd7a6]
V  [jvm.dll+0x46fd60]
V  [jvm.dll+0x4759e8]
C  [java.dll+0x17ec]

Java frames: (J=compiled Java code, j=interpreted, Vv=VM code)
J 981  java.lang.ClassLoader.defineClass1(Ljava/lang/ClassLoader;Ljava/lang/String;[BIILjava/security/ProtectionDomain;Ljava/lang/String;)Ljava/lang/Class; java.base@21.0.1 (0 bytes) @ 0x000001f8d0305f11 [0x000001f8d0305e40+0x00000000000000d1]
J 1101 c1 java.lang.ClassLoader.defineClass(Ljava/lang/String;[BIILjava/security/ProtectionDomain;)Ljava/lang/Class; java.base@21.0.1 (43 bytes) @ 0x000001f8c89d1c0c [0x000001f8c89d18a0+0x000000000000036c]
J 986 c1 java.security.SecureClassLoader.defineClass(Ljava/lang/String;[BIILjava/security/CodeSource;)Ljava/lang/Class; java.base@21.0.1 (16 bytes) @ 0x000001f8c89a0c1c [0x000001f8c89a0b40+0x00000000000000dc]
J 769 c1 jdk.internal.loader.BuiltinClassLoader.defineClass(Ljava/lang/String;Ljdk/internal/loader/Resource;)Ljava/lang/Class; java.base@21.0.1 (121 bytes) @ 0x000001f8c89363f4 [0x000001f8c8935440+0x0000000000000fb4]
J 863 c1 jdk.internal.loader.BuiltinClassLoader.findClassOnClassPathOrNull(Ljava/lang/String;)Ljava/lang/Class; java.base@21.0.1 (64 bytes) @ 0x000001f8c89623ec [0x000001f8c89616a0+0x0000000000000d4c]
J 408 c1 jdk.internal.loader.BuiltinClassLoader.loadClassOrNull(Ljava/lang/String;Z)Ljava/lang/Class; java.base@21.0.1 (143 bytes) @ 0x000001f8c888438c [0x000001f8c88838e0+0x0000000000000aac]
J 730 c1 jdk.internal.loader.ClassLoaders$AppClassLoader.loadClass(Ljava/lang/String;Z)Ljava/lang/Class; java.base@21.0.1 (40 bytes) @ 0x000001f8c891dfcc [0x000001f8c891dde0+0x00000000000001ec]
J 637 c1 java.lang.ClassLoader.loadClass(Ljava/lang/String;)Ljava/lang/Class; java.base@21.0.1 (7 bytes) @ 0x000001f8c88e8254 [0x000001f8c88e8140+0x0000000000000114]
v  ~StubRoutines::call_stub 0x000001f8cfd1100d
J 981  java.lang.ClassLoader.defineClass1(Ljava/lang/ClassLoader;Ljava/lang/String;[BIILjava/security/ProtectionDomain;Ljava/lang/String;)Ljava/lang/Class; java.base@21.0.1 (0 bytes) @ 0x000001f8d0305f11 [0x000001f8d0305e40+0x00000000000000d1]
J 1101 c1 java.lang.ClassLoader.defineClass(Ljava/lang/String;[BIILjava/security/ProtectionDomain;)Ljava/lang/Class; java.base@21.0.1 (43 bytes) @ 0x000001f8c89d1c0c [0x000001f8c89d18a0+0x000000000000036c]
J 986 c1 java.security.SecureClassLoader.defineClass(Ljava/lang/String;[BIILjava/security/CodeSource;)Ljava/lang/Class; java.base@21.0.1 (16 bytes) @ 0x000001f8c89a0c1c [0x000001f8c89a0b40+0x00000000000000dc]
J 769 c1 jdk.internal.loader.BuiltinClassLoader.defineClass(Ljava/lang/String;Ljdk/internal/loader/Resource;)Ljava/lang/Class; java.base@21.0.1 (121 bytes) @ 0x000001f8c89363f4 [0x000001f8c8935440+0x0000000000000fb4]
J 863 c1 jdk.internal.loader.BuiltinClassLoader.findClassOnClassPathOrNull(Ljava/lang/String;)Ljava/lang/Class; java.base@21.0.1 (64 bytes) @ 0x000001f8c89623ec [0x000001f8c89616a0+0x0000000000000d4c]
J 408 c1 jdk.internal.loader.BuiltinClassLoader.loadClassOrNull(Ljava/lang/String;Z)Ljava/lang/Class; java.base@21.0.1 (143 bytes) @ 0x000001f8c888438c [0x000001f8c88838e0+0x0000000000000aac]
J 730 c1 jdk.internal.loader.ClassLoaders$AppClassLoader.loadClass(Ljava/lang/String;Z)Ljava/lang/Class; java.base@21.0.1 (40 bytes) @ 0x000001f8c891dfcc [0x000001f8c891dde0+0x00000000000001ec]
J 637 c1 java.lang.ClassLoader.loadClass(Ljava/lang/String;)Ljava/lang/Class; java.base@21.0.1 (7 bytes) @ 0x000001f8c88e8254 [0x000001f8c88e8140+0x0000000000000114]
v  ~StubRoutines::call_stub 0x000001f8cfd1100d
j  org.springframework.boot.autoconfigure.BackgroundPreinitializer$MessageConverterInitializer.run()V+0
j  org.springframework.boot.autoconfigure.BackgroundPreinitializer$1.runSafely(Ljava/lang/Runnable;)Z+1
j  org.springframework.boot.autoconfigure.BackgroundPreinitializer$1.run()V+32
j  java.lang.Thread.runWith(Ljava/lang/Object;Ljava/lang/Runnable;)V+5 java.base@21.0.1
j  java.lang.Thread.run()V+19 java.base@21.0.1
v  ~StubRoutines::call_stub 0x000001f8cfd1100d

Compiled method (n/a)    1631  981     n 0       java.lang.ClassLoader::defineClass1 (native)
 total in heap  [0x000001f8d0305c90,0x000001f8d03062f0] = 1632
 relocation     [0x000001f8d0305df0,0x000001f8d0305e28] = 56
 main code      [0x000001f8d0305e40,0x000001f8d03062ef] = 1199
 stub code      [0x000001f8d03062ef,0x000001f8d03062f0] = 1

[Constant Pool (empty)]

[MachCode]
[Entry Point]
  # {method} {0x000001f8dc43cb30} 'defineClass1' '(Ljava/lang/ClassLoader;Ljava/lang/String;[BIILjava/security/ProtectionDomain;Ljava/lang/String;)Ljava/lang/Class;' in 'java/lang/ClassLoader'
  # parm0:    rdx:rdx   = 'java/lang/ClassLoader'
  # parm1:    r8:r8     = 'java/lang/String'
  # parm2:    r9:r9     = '[B'
  # parm3:    rdi       = int
  # parm4:    rsi       = int
  # parm5:    rcx:rcx   = 'java/security/ProtectionDomain'
  # parm6:    [sp+0xa0]   = 'java/lang/String'  (sp of caller)
  0x000001f8d0305e40: 448b 5208 | 49bb 0000 | 00dc f801 | 0000 4d03 | d349 3bc2 | 0f84 0600 

  0x000001f8d0305e58: ;   {runtime_call ic_miss_stub}
  0x000001f8d0305e58: 0000 e921 | 89a5 ff90 
[Verified Entry Point]
  0x000001f8d0305e60: 8984 2400 | 80ff ff55 | 488b ec48 | 81ec 9000 | 0000 6690 | 4181 7f20 | 0100 0000 

  0x000001f8d0305e7c: ;   {runtime_call StubRoutines (final stubs)}
  0x000001f8d0305e7c: 7405 e8dd | eea3 ff48 | 837d 1000 | 488d 4510 | 480f 4445 | 1048 8944 | 2440 4889 | 4c24 7048 
  0x000001f8d0305e9c: 83f9 0048 | 8d44 2470 | 480f 4444 | 2470 4889 | 4424 3848 | 8974 2430 | 4889 7c24 | 284c 894c 
  0x000001f8d0305ebc: 2458 4983 | f900 488d | 4424 5848 | 0f44 4424 | 5848 8944 | 2420 4c89 | 4424 5049 | 83f8 004c 
  0x000001f8d0305edc: 8d4c 2450 | 4c0f 444c | 2450 4889 | 5424 4848 | 83fa 004c | 8d44 2448 | 4c0f 4444 

  0x000001f8d0305ef8: ;   {oop(a 'java/lang/Class'{0x00000000cc408c00} = 'java/lang/ClassLoader')}
  0x000001f8d0305ef8: 2448 49be | 008c 40cc | 0000 0000 | 4c89 7424 | 784c 8d74 | 2478 498b | d6c5 f877 

  0x000001f8d0305f14: ;   {internal_word}
  0x000001f8d0305f14: 49ba 115f | 30d0 f801 | 0000 4d89 | 97a0 0300 | 0049 89a7 | 9803 0000 

  0x000001f8d0305f2c: ;   {external_word}
  0x000001f8d0305f2c: 49ba c925 | a134 fe7f | 0000 4180 | 3a00 0f84 | 4e00 0000 | 5241 5041 

  0x000001f8d0305f44: ;   {metadata({method} {0x000001f8dc43cb30} 'defineClass1' '(Ljava/lang/ClassLoader;Ljava/lang/String;[BIILjava/security/ProtectionDomain;Ljava/lang/String;)Ljava/lang/Class;' in 'java/lang/ClassLoader')}
  0x000001f8d0305f44: 5148 ba28 | cb43 dcf8 | 0100 0049 | 8bcf 4883 | ec20 40f6 | c40f 0f84 | 1900 0000 | 4883 ec08 
  0x000001f8d0305f64: ;   {runtime_call}
  0x000001f8d0305f64: 48b8 30eb | 5134 fe7f | 0000 ffd0 | 4883 c408 | e90c 0000 

  0x000001f8d0305f78: ;   {runtime_call}
  0x000001f8d0305f78: 0048 b830 | eb51 34fe | 7f00 00ff | d048 83c4 | 2041 5941 | 585a 498d | 8fb8 0300 | 0041 c787 
  0x000001f8d0305f98: 4c04 0000 | 0400 0000 

  0x000001f8d0305fa0: ;   {runtime_call}
  0x000001f8d0305fa0: 48b8 ac16 | 6f6b fe7f | 0000 ffd0 | c5f8 7741 | c787 4c04 | 0000 0500 | 0000 f083 | 4424 c000 
  0x000001f8d0305fc0: 493b af50 | 0400 000f | 870e 0000 | 0041 83bf | 4804 0000 | 000f 842b | 0000 00c5 | f877 4889 
  0x000001f8d0305fe0: 45f8 498b | cf4c 8be4 | 4883 ec20 | 4883 e4f0 

  0x000001f8d0305ff0: ;   {runtime_call}
  0x000001f8d0305ff0: 48b8 c0be | 1d34 fe7f | 0000 ffd0 | 498b e44d | 33e4 488b | 45f8 41c7 | 874c 0400 | 0008 0000 
  0x000001f8d0306010: 0041 83bf | c804 0000 | 020f 84a3 

  0x000001f8d030601c: ;   {external_word}
  0x000001f8d030601c: 0200 0049 | bac9 25a1 | 34fe 7f00 | 0041 803a | 000f 844c | 0000 0048 

  0x000001f8d0306034: ;   {metadata({method} {0x000001f8dc43cb30} 'defineClass1' '(Ljava/lang/ClassLoader;Ljava/lang/String;[BIILjava/security/ProtectionDomain;Ljava/lang/String;)Ljava/lang/Class;' in 'java/lang/ClassLoader')}
  0x000001f8d0306034: 8945 f848 | ba28 cb43 | dcf8 0100 | 0049 8bcf | 4883 ec20 | 40f6 c40f | 0f84 1900 | 0000 4883 
  0x000001f8d0306054: ;   {runtime_call}
  0x000001f8d0306054: ec08 48b8 | 30eb 5134 | fe7f 0000 | ffd0 4883 | c408 e90c 

  0x000001f8d0306068: ;   {runtime_call}
  0x000001f8d0306068: 0000 0048 | b830 eb51 | 34fe 7f00 | 00ff d048 | 83c4 2048 | 8b45 f849 | c787 9803 | 0000 0000 
  0x000001f8d0306088: 0000 49c7 | 87a0 0300 | 0000 0000 | 00c5 f877 | 4885 c00f | 84fe 0100 | 00a8 030f | 8508 0000 
  0x000001f8d03060a8: 0048 8b00 | e9ee 0100 | 00a8 010f | 8509 0000 | 0048 8b40 | fee9 dd01 | 0000 488b | 40ff 4180 
  0x000001f8d03060c8: 7f40 000f | 84ce 0100 | 0048 83f8 | 000f 84c4 | 0100 0049 | 8b4f 2848 | 83f9 000f | 8414 0000 
  0x000001f8d03060e8: 0048 83e9 | 0849 894f | 2849 034f | 3848 8901 | e9a2 0100 | 0048 81ec | d000 0000 | 4889 0424 
  0x000001f8d0306108: 4889 4c24 | 0848 8954 | 2410 4889 | 7424 1848 | 897c 2420 | 4c89 4424 | 284c 894c | 2430 4c89 
  0x000001f8d0306128: 5424 384c | 895c 2440 | c5fb 1144 | 2450 c5fb | 114c 2458 | c5fb 1154 | 2460 c5fb | 115c 2468 
  0x000001f8d0306148: c5fb 1164 | 2470 c5fb | 116c 2478 | c5fb 11b4 | 2480 0000 | 00c5 fb11 | bc24 8800 | 0000 c57b 
  0x000001f8d0306168: ;   {no_reloc}
  0x000001f8d0306168: 1184 2490 | 0000 00c5 | 7b11 8c24 | 9800 0000 | c57b 1194 | 24a0 0000 | 00c5 7b11 | 9c24 a800 
  0x000001f8d0306188: 0000 c57b | 11a4 24b0 | 0000 00c5 | 7b11 ac24 | b800 0000 | c57b 11b4 | 24c0 0000 | 00c5 7b11 
  0x000001f8d03061a8: bc24 c800 | 0000 498b | d748 8bc8 | 4883 ec20 | 40f6 c40f | 0f84 1900 | 0000 4883 

  0x000001f8d03061c4: ;   {runtime_call}
  0x000001f8d03061c4: ec08 48b8 | b022 1134 | fe7f 0000 | ffd0 4883 | c408 e90c 

  0x000001f8d03061d8: ;   {runtime_call}
  0x000001f8d03061d8: 0000 0048 | b8b0 2211 | 34fe 7f00 | 00ff d048 | 83c4 20c5 | 7b10 bc24 | c800 0000 | c57b 10b4 
  0x000001f8d03061f8: 24c0 0000 | 00c5 7b10 | ac24 b800 | 0000 c57b | 10a4 24b0 | 0000 00c5 | 7b10 9c24 | a800 0000 
  0x000001f8d0306218: c57b 1094 | 24a0 0000 | 00c5 7b10 | 8c24 9800 | 0000 c57b | 1084 2490 | 0000 00c5 | fb10 bc24 
  0x000001f8d0306238: 8800 0000 | c5fb 10b4 | 2480 0000 | 00c5 fb10 | 6c24 78c5 | fb10 6424 | 70c5 fb10 | 5c24 68c5 
  0x000001f8d0306258: fb10 5424 | 60c5 fb10 | 4c24 58c5 | fb10 4424 | 504c 8b5c | 2440 4c8b | 5424 384c | 8b4c 2430 
  0x000001f8d0306278: 4c8b 4424 | 2848 8b7c | 2420 488b | 7424 1848 | 8b54 2410 | 488b 4c24 | 0848 8b04 | 2448 81c4 
  0x000001f8d0306298: d000 0000 | c5f8 7749 | 8b8f 2804 | 0000 c781 | 0001 0000 | 0000 0000 | c949 837f | 0800 0f85 
  0x000001f8d03062b8: 0100 0000 

  0x000001f8d03062bc: ;   {runtime_call StubRoutines (initial stubs)}
  0x000001f8d03062bc: c3e9 3eac | a0ff c5f8 | 7748 8945 | f84c 8be4 | 4883 ec20 | 4883 e4f0 

  0x000001f8d03062d4: ;   {runtime_call}
  0x000001f8d03062d4: 48b8 6023 | 5234 fe7f | 0000 ffd0 | 498b e44d | 33e4 488b | 45f8 e930 | fdff fff4 
[/MachCode]


Compiled method (c1)    1649 1101       3       java.lang.ClassLoader::defineClass (43 bytes)
 total in heap  [0x000001f8c89d1690,0x000001f8c89d1ff8] = 2408
 relocation     [0x000001f8c89d17f0,0x000001f8c89d1890] = 160
 main code      [0x000001f8c89d18a0,0x000001f8c89d1d50] = 1200
 stub code      [0x000001f8c89d1d50,0x000001f8c89d1dc8] = 120
 metadata       [0x000001f8c89d1dc8,0x000001f8c89d1df8] = 48
 scopes data    [0x000001f8c89d1df8,0x000001f8c89d1ee8] = 240
 scopes pcs     [0x000001f8c89d1ee8,0x000001f8c89d1fc8] = 224
 dependencies   [0x000001f8c89d1fc8,0x000001f8c89d1fd0] = 8
 nul chk table  [0x000001f8c89d1fd0,0x000001f8c89d1ff8] = 40

[Constant Pool (empty)]

[MachCode]
[Entry Point]
  # {method} {0x000001f8dc43ceb0} 'defineClass' '(Ljava/lang/String;[BIILjava/security/ProtectionDomain;)Ljava/lang/Class;' in 'java/lang/ClassLoader'
  # this:     rdx:rdx   = 'java/lang/ClassLoader'
  # parm0:    r8:r8     = 'java/lang/String'
  # parm1:    r9:r9     = '[B'
  # parm2:    rdi       = int
  # parm3:    rsi       = int
  # parm4:    rcx:rcx   = 'java/security/ProtectionDomain'
  #           [sp+0xc0]  (sp of caller)
  0x000001f8c89d18a0: 448b 5208 | 49bb 0000 | 00dc f801 | 0000 4d03 | d34c 3bd0 

  0x000001f8c89d18b4: ;   {runtime_call ic_miss_stub}
  0x000001f8c89d18b4: 0f85 c6ce | 3807 660f | 1f44 0000 
[Verified Entry Point]
  0x000001f8c89d18c0: 8984 2400 | 80ff ff55 | 4881 ecb0 | 0000 0090 | 4181 7f20 | 0100 0000 

  0x000001f8c89d18d8: ;   {runtime_call StubRoutines (final stubs)}
  0x000001f8c89d18d8: 7405 e881 | 3437 0748 | 8954 2478 

  0x000001f8c89d18e4: ;   {metadata(method data for {method} {0x000001f8dc43ceb0} 'defineClass' '(Ljava/lang/String;[BIILjava/security/ProtectionDomain;)Ljava/lang/Class;' in 'java/lang/ClassLoader')}
  0x000001f8c89d18e4: 48bb 000e | 231d f901 | 0000 8b83 | cc00 0000 | 83c0 0289 | 83cc 0000 | 0025 fe07 | 0000 83f8 
  0x000001f8c89d1904: 000f 8467 | 0300 0089 | b424 9400 | 0000 89bc | 2490 0000 | 004c 898c | 2488 0000 | 0048 8bda 
  0x000001f8c89d1924: ;   {metadata(method data for {method} {0x000001f8dc43ceb0} 'defineClass' '(Ljava/lang/String;[BIILjava/security/ProtectionDomain;)Ljava/lang/Class;' in 'java/lang/ClassLoader')}
  0x000001f8c89d1924: 48b8 000e | 231d f901 | 0000 4883 | 8010 0100 | 0001 498b | d84c 8bc3 | 4c8b c948 | 8bca 488b 
  0x000001f8c89d1944: d148 899c | 2480 0000 

  0x000001f8c89d194c: ;   {optimized virtual_call}
  0x000001f8c89d194c: 0066 90e8 

  0x000001f8c89d1950: ; ImmutableOopMap {[120]=Oop [128]=Oop [136]=Oop }
                      ;*invokevirtual preDefineClass {reexecute=0 rethrow=0 return_oop=0}
                      ; - java.lang.ClassLoader::defineClass@4 (line 1025)
  0x000001f8c89d1950: 4c0a 0000 

  0x000001f8c89d1954: ;   {other}
  0x000001f8c89d1954: 0f1f 8400 | c402 0000 | 4889 8424 | 9800 0000 | 488b 5424 

  0x000001f8c89d1968: ;   {metadata(method data for {method} {0x000001f8dc43ceb0} 'defineClass' '(Ljava/lang/String;[BIILjava/security/ProtectionDomain;)Ljava/lang/Class;' in 'java/lang/ClassLoader')}
  0x000001f8c89d1968: 7849 b800 | 0e23 1df9 | 0100 0049 | 8380 4801 

  0x000001f8c89d1978: ;   {metadata(method data for {method} {0x000001f8dc43cb98} 'defineClassSourceLocation' '(Ljava/security/ProtectionDomain;)Ljava/lang/String;' in 'java/lang/ClassLoader')}
  0x000001f8c89d1978: 0000 0149 | b808 6128 | 1df9 0100 | 0041 8b90 | cc00 0000 | 83c2 0241 | 8990 cc00 | 0000 81e2 
  0x000001f8c89d1998: feff 1f00 | 83fa 000f | 84ee 0200 | 0048 3b00 

  0x000001f8c89d19a8: ;   {metadata(method data for {method} {0x000001f8dc43cb98} 'defineClassSourceLocation' '(Ljava/security/ProtectionDomain;)Ljava/lang/String;' in 'java/lang/ClassLoader')}
  0x000001f8c89d19a8: 4c8b c048 | ba08 6128 | 1df9 0100 | 0048 8382 | 1001 0000 | 0144 8b40 | 1049 83f8 

  0x000001f8c89d19c4: ;   {metadata(method data for {method} {0x000001f8dc43cb98} 'defineClassSourceLocation' '(Ljava/security/ProtectionDomain;)Ljava/lang/String;' in 'java/lang/ClassLoader')}
  0x000001f8c89d19c4: 0048 ba08 | 6128 1df9 | 0100 0048 | be58 0100 | 0000 0000 | 000f 850a | 0000 0048 | be48 0100 
  0x000001f8c89d19e4: 0000 0000 | 0048 8b3c | 3248 8d7f | 0148 893c | 320f 850f 

  0x000001f8c89d19f8: ;   {oop(nullptr)}
  0x000001f8c89d19f8: 0000 0048 | bb00 0000 | 0000 0000 | 00e9 ad01 | 0000 493b | 0049 8bd0 

  0x000001f8c89d1a10: ;   {metadata(method data for {method} {0x000001f8dc43cb98} 'defineClassSourceLocation' '(Ljava/security/ProtectionDomain;)Ljava/lang/String;' in 'java/lang/ClassLoader')}
  0x000001f8c89d1a10: 48be 0861 | 281d f901 | 0000 4883 | 8668 0100 | 0001 418b | 500c 4883 

  0x000001f8c89d1a28: ;   {metadata(method data for {method} {0x000001f8dc43cb98} 'defineClassSourceLocation' '(Ljava/security/ProtectionDomain;)Ljava/lang/String;' in 'java/lang/ClassLoader')}
  0x000001f8c89d1a28: fa00 48be | 0861 281d | f901 0000 | 48bf b001 | 0000 0000 | 0000 0f85 | 0a00 0000 | 48bf a001 
  0x000001f8c89d1a48: 0000 0000 | 0000 488b | 1c3e 488d | 5b01 4889 | 1c3e 0f85 | 0f00 0000 

  0x000001f8c89d1a60: ;   {oop(nullptr)}
  0x000001f8c89d1a60: 48bb 0000 | 0000 0000 | 0000 e948 

  0x000001f8c89d1a6c: ;   {metadata(method data for {method} {0x000001f8dc43cb98} 'defineClassSourceLocation' '(Ljava/security/ProtectionDomain;)Ljava/lang/String;' in 'java/lang/ClassLoader')}
  0x000001f8c89d1a6c: 0100 0048 | be08 6128 | 1df9 0100 | 0048 8386 | c001 0000 | 0148 3b02 

  0x000001f8c89d1a84: ;   {metadata(method data for {method} {0x000001f8dc43cb98} 'defineClassSourceLocation' '(Ljava/security/ProtectionDomain;)Ljava/lang/String;' in 'java/lang/ClassLoader')}
  0x000001f8c89d1a84: 4c8b c248 | be08 6128 | 1df9 0100 | 0048 8386 | f801 0000 

  0x000001f8c89d1a98: ;   {metadata(method data for {method} {0x000001f8dc01aa98} 'toString' '()Ljava/lang/String;' in 'java/net/URL')}
  0x000001f8c89d1a98: 0149 b8e0 | 1218 1df9 | 0100 0041 | 8bb0 cc00 | 0000 83c6 | 0241 89b0 | cc00 0000 | 81e6 feff 
  0x000001f8c89d1ab8: 1f00 83fe | 000f 8400 | 0200 004c 

  0x000001f8c89d1ac4: ;   {metadata(method data for {method} {0x000001f8dc01aa98} 'toString' '()Ljava/lang/String;' in 'java/net/URL')}
  0x000001f8c89d1ac4: 8bc2 48be | e012 181d | f901 0000 | 4883 8610 | 0100 0001 

  0x000001f8c89d1ad8: ;   {metadata(method data for {method} {0x000001f8dc4307b8} 'toExternalForm' '()Ljava/lang/String;' in 'java/net/URL')}
  0x000001f8c89d1ad8: 49b8 6814 | 181d f901 | 0000 418b | b0cc 0000 | 0083 c602 | 4189 b0cc | 0000 0081 | e6fe ff1f 
  0x000001f8c89d1af8: 0083 fe00 | 0f84 e201 | 0000 8b72 | 3848 3b06 

  0x000001f8c89d1b08: ;   {metadata(method data for {method} {0x000001f8dc4307b8} 'toExternalForm' '()Ljava/lang/String;' in 'java/net/URL')}
  0x000001f8c89d1b08: 4c8b c648 | bf68 1418 | 1df9 0100 | 0045 8b40 | 0849 ba00 | 0000 dcf8 | 0100 004d | 03c2 4c3b 
  0x000001f8c89d1b28: 8720 0100 | 0075 0d48 | 8387 2801 | 0000 01e9 | 6000 0000 | 4c3b 8730 | 0100 0075 | 0d48 8387 
  0x000001f8c89d1b48: 3801 0000 | 01e9 4a00 | 0000 4883 | bf20 0100 | 0000 7517 | 4c89 8720 | 0100 0048 | c787 2801 
  0x000001f8c89d1b68: 0000 0100 | 0000 e929 | 0000 0048 | 83bf 3001 | 0000 0075 | 174c 8987 | 3001 0000 | 48c7 8738 
  0x000001f8c89d1b88: 0100 0001 | 0000 00e9 | 0800 0000 | 4883 8710 | 0100 0001 | 4c8b c248 | 8bd6 0f1f 

  0x000001f8c89d1ba4: ;   {optimized virtual_call}
  0x000001f8c89d1ba4: 4400 00e8 

  0x000001f8c89d1ba8: ; ImmutableOopMap {[120]=Oop [128]=Oop [136]=Oop [152]=Oop }
                      ;*invokevirtual toExternalForm {reexecute=0 rethrow=0 return_oop=0}
                      ; - java.net.URL::toExternalForm@5 (line 1203)
                      ; - java.net.URL::toString@1 (line 1189)
                      ; - java.lang.ClassLoader::defineClassSourceLocation@22 (line 927)
                      ; - java.lang.ClassLoader::defineClass@12 (line 1026)
  0x000001f8c89d1ba8: 743d faff 

  0x000001f8c89d1bac: ;   {other}
  0x000001f8c89d1bac: 0f1f 8400 | 1c05 0001 | 488b d848 | 8b84 2498 | 0000 008b | b424 9400 | 0000 8bbc | 2490 0000 
  0x000001f8c89d1bcc: 004c 8b8c | 2488 0000 | 004c 8b84 | 2480 0000 | 0048 8b54 

  0x000001f8c89d1be0: ;   {metadata(method data for {method} {0x000001f8dc43ceb0} 'defineClass' '(Ljava/lang/String;[BIILjava/security/ProtectionDomain;)Ljava/lang/Class;' in 'java/lang/ClassLoader')}
  0x000001f8c89d1be0: 2478 48b9 | 000e 231d | f901 0000 | 4883 8180 | 0100 0001 | 4c8b da49 | 8bd3 488b | c848 891c 
  0x000001f8c89d1c00: 2466 0f1f 

  0x000001f8c89d1c04: ;   {static_call}
  0x000001f8c89d1c04: 4400 00e8 

  0x000001f8c89d1c08: ; ImmutableOopMap {[120]=Oop [152]=Oop }
                      ;*invokestatic defineClass1 {reexecute=0 rethrow=0 return_oop=0}
                      ; - java.lang.ClassLoader::defineClass@27 (line 1027)
  0x000001f8c89d1c08: 5442 9307 

  0x000001f8c89d1c0c: ;   {other}
  0x000001f8c89d1c0c: 0f1f 8400 | 7c05 0002 | 488b 5424 

  0x000001f8c89d1c18: ;   {metadata(method data for {method} {0x000001f8dc43ceb0} 'defineClass' '(Ljava/lang/String;[BIILjava/security/ProtectionDomain;)Ljava/lang/Class;' in 'java/lang/ClassLoader')}
  0x000001f8c89d1c18: 7849 b800 | 0e23 1df9 | 0100 0049 | 8380 9001 | 0000 014c | 8bc0 4c8b | 8c24 9800 | 0000 488b 
  0x000001f8c89d1c38: 5424 7848 | 8984 24a0 | 0000 000f 

  0x000001f8c89d1c44: ;   {optimized virtual_call}
  0x000001f8c89d1c44: 1f40 00e8 

  0x000001f8c89d1c48: ; ImmutableOopMap {[160]=Oop }
                      ;*invokevirtual postDefineClass {reexecute=0 rethrow=0 return_oop=0}
                      ; - java.lang.ClassLoader::defineClass@37 (line 1028)
  0x000001f8c89d1c48: d462 0000 

  0x000001f8c89d1c4c: ;   {other}
  0x000001f8c89d1c4c: 0f1f 8400 | bc05 0003 | 488b 8424 | a000 0000 | 4881 c4b0 | 0000 005d 

  0x000001f8c89d1c64: ;   {poll_return}
  0x000001f8c89d1c64: 493b a750 | 0400 000f | 8799 0000 

  0x000001f8c89d1c70: ;   {metadata({method} {0x000001f8dc43ceb0} 'defineClass' '(Ljava/lang/String;[BIILjava/security/ProtectionDomain;)Ljava/lang/Class;' in 'java/lang/ClassLoader')}
  0x000001f8c89d1c70: 00c3 49ba | a8ce 43dc | f801 0000 | 4c89 5424 | 0848 c704 | 24ff ffff 

  0x000001f8c89d1c88: ;   {runtime_call counter_overflow Runtime1 stub}
  0x000001f8c89d1c88: ffe8 f26f 

  0x000001f8c89d1c8c: ; ImmutableOopMap {rdx=Oop r8=Oop r9=Oop rcx=Oop [120]=Oop }
                      ;*synchronization entry
                      ; - java.lang.ClassLoader::defineClass@-1 (line 1025)
  0x000001f8c89d1c8c: 4507 e978 

  0x000001f8c89d1c90: ;   {metadata({method} {0x000001f8dc43cb98} 'defineClassSourceLocation' '(Ljava/security/ProtectionDomain;)Ljava/lang/String;' in 'java/lang/ClassLoader')}
  0x000001f8c89d1c90: fcff ff49 | ba90 cb43 | dcf8 0100 | 004c 8954 | 2408 48c7 | 0424 ffff 

  0x000001f8c89d1ca8: ;   {runtime_call counter_overflow Runtime1 stub}
  0x000001f8c89d1ca8: ffff e8d1 

  0x000001f8c89d1cac: ; ImmutableOopMap {rax=Oop [120]=Oop [128]=Oop [136]=Oop [152]=Oop }
                      ;*synchronization entry
                      ; - java.lang.ClassLoader::defineClassSourceLocation@-1 (line 924)
                      ; - java.lang.ClassLoader::defineClass@12 (line 1026)
  0x000001f8c89d1cac: 6f45 07e9 | f1fc ffff 

  0x000001f8c89d1cb4: ;   {runtime_call throw_null_pointer_exception Runtime1 stub}
  0x000001f8c89d1cb4: e8c7 0245 

  0x000001f8c89d1cb8: ; ImmutableOopMap {rax=Oop [120]=Oop [128]=Oop [136]=Oop [152]=Oop }
                      ;*invokevirtual getCodeSource {reexecute=0 rethrow=0 return_oop=0}
                      ; - java.lang.ClassLoader::defineClassSourceLocation@1 (line 924)
                      ; - java.lang.ClassLoader::defineClass@12 (line 1026)
                      ;   {runtime_call throw_null_pointer_exception Runtime1 stub}
  0x000001f8c89d1cb8: 07e8 c202 

  0x000001f8c89d1cbc: ; ImmutableOopMap {rax=Oop r8=Oop [120]=Oop [128]=Oop [136]=Oop [152]=Oop }
                      ;*invokevirtual getLocation {reexecute=0 rethrow=0 return_oop=0}
                      ; - java.lang.ClassLoader::defineClassSourceLocation@12 (line 926)
                      ; - java.lang.ClassLoader::defineClass@12 (line 1026)
                      ;   {runtime_call throw_null_pointer_exception Runtime1 stub}
  0x000001f8c89d1cbc: 4507 e8bd 

  0x000001f8c89d1cc0: ; ImmutableOopMap {rdx=Oop [120]=Oop [128]=Oop [136]=Oop [152]=Oop }
                      ;*invokevirtual toString {reexecute=0 rethrow=0 return_oop=0}
                      ; - java.lang.ClassLoader::defineClassSourceLocation@22 (line 927)
                      ; - java.lang.ClassLoader::defineClass@12 (line 1026)
                      ;   {metadata({method} {0x000001f8dc01aa98} 'toString' '()Ljava/lang/String;' in 'java/net/URL')}
  0x000001f8c89d1cc0: 0245 0749 | ba90 aa01 | dcf8 0100 | 004c 8954 | 2408 48c7 | 0424 ffff 

  0x000001f8c89d1cd8: ;   {runtime_call counter_overflow Runtime1 stub}
  0x000001f8c89d1cd8: ffff e8a1 

  0x000001f8c89d1cdc: ; ImmutableOopMap {rdx=Oop [120]=Oop [128]=Oop [136]=Oop [152]=Oop }
                      ;*synchronization entry
                      ; - java.net.URL::toString@-1 (line 1189)
                      ; - java.lang.ClassLoader::defineClassSourceLocation@22 (line 927)
                      ; - java.lang.ClassLoader::defineClass@12 (line 1026)
  0x000001f8c89d1cdc: 6f45 07e9 | dffd ffff 

  0x000001f8c89d1ce4: ;   {metadata({method} {0x000001f8dc4307b8} 'toExternalForm' '()Ljava/lang/String;' in 'java/net/URL')}
  0x000001f8c89d1ce4: 49ba b007 | 43dc f801 | 0000 4c89 | 5424 0848 | c704 24ff 

  0x000001f8c89d1cf8: ;   {runtime_call counter_overflow Runtime1 stub}
  0x000001f8c89d1cf8: ffff ffe8 

  0x000001f8c89d1cfc: ; ImmutableOopMap {rdx=Oop [120]=Oop [128]=Oop [136]=Oop [152]=Oop }
                      ;*synchronization entry
                      ; - java.net.URL::toExternalForm@-1 (line 1203)
                      ; - java.net.URL::toString@1 (line 1189)
                      ; - java.lang.ClassLoader::defineClassSourceLocation@22 (line 927)
                      ; - java.lang.ClassLoader::defineClass@12 (line 1026)
  0x000001f8c89d1cfc: 806f 4507 | e9fd fdff 

  0x000001f8c89d1d04: ;   {runtime_call throw_null_pointer_exception Runtime1 stub}
  0x000001f8c89d1d04: ffe8 7602 

  0x000001f8c89d1d08: ; ImmutableOopMap {rdx=Oop rsi=Oop [120]=Oop [128]=Oop [136]=Oop [152]=Oop }
                      ;*invokevirtual toExternalForm {reexecute=0 rethrow=0 return_oop=0}
                      ; - java.net.URL::toExternalForm@5 (line 1203)
                      ; - java.net.URL::toString@1 (line 1189)
                      ; - java.lang.ClassLoader::defineClassSourceLocation@22 (line 927)
                      ; - java.lang.ClassLoader::defineClass@12 (line 1026)
                      ;   {internal_word}
  0x000001f8c89d1d08: 4507 49ba | 641c 9dc8 | f801 0000 | 4d89 9768 

  0x000001f8c89d1d18: ;   {runtime_call SafepointBlob}
  0x000001f8c89d1d18: 0400 00e9 | e039 3907 | 498b 8700 | 0500 0049 | c787 0005 | 0000 0000 | 0000 49c7 | 8708 0500 
  0x000001f8c89d1d38: 0000 0000 | 0048 81c4 | b000 0000 

  0x000001f8c89d1d44: ;   {runtime_call unwind_exception Runtime1 stub}
  0x000001f8c89d1d44: 5de9 b6e5 | 4407 f4f4 | f4f4 f4f4 
[Stub Code]
  0x000001f8c89d1d50: ;   {no_reloc}
  0x000001f8c89d1d50: 0f1f 4400 

  0x000001f8c89d1d54: ;   {static_stub}
  0x000001f8c89d1d54: 0048 bb00 | 0000 0000 

  0x000001f8c89d1d5c: ;   {runtime_call}
  0x000001f8c89d1d5c: 0000 00e9 | fbff ffff 

  0x000001f8c89d1d64: ;   {static_stub}
  0x000001f8c89d1d64: 48bb 0000 | 0000 0000 

  0x000001f8c89d1d6c: ;   {runtime_call}
  0x000001f8c89d1d6c: 0000 e9fb 

  0x000001f8c89d1d70: ;   {static_stub}
  0x000001f8c89d1d70: ffff ff48 | bb00 0000 | 0000 0000 

  0x000001f8c89d1d7c: ;   {runtime_call}
  0x000001f8c89d1d7c: 00e9 fbff 

  0x000001f8c89d1d80: ;   {static_stub}
  0x000001f8c89d1d80: ffff 48bb | d0ca 43dc | f801 0000 

  0x000001f8c89d1d8c: ;   {runtime_call I2C/C2I adapters}
  0x000001f8c89d1d8c: e9da 8f38 

  0x000001f8c89d1d90: ;   {runtime_call handle_exception_from_callee Runtime1 stub}
  0x000001f8c89d1d90: 07e8 6a37 

  0x000001f8c89d1d94: ;   {external_word}
  0x000001f8c89d1d94: 4507 48b9 | 0028 7934 | fe7f 0000 | 4883 e4f0 

  0x000001f8c89d1da4: ;   {runtime_call}
  0x000001f8c89d1da4: 48b8 e00f | 4134 fe7f | 0000 ffd0 

  0x000001f8c89d1db0: ;   {section_word}
  0x000001f8c89d1db0: f449 bab1 | 1d9d c8f8 | 0100 0041 

  0x000001f8c89d1dbc: ;   {runtime_call DeoptimizationBlob}
  0x000001f8c89d1dbc: 52e9 de2b | 3907 f4f4 | f4f4 f4f4 
[/MachCode]


Compiled method (c1)    1673  986       3       java.security.SecureClassLoader::defineClass (16 bytes)
 total in heap  [0x000001f8c89a0990,0x000001f8c89a0d90] = 1024
 relocation     [0x000001f8c89a0af0,0x000001f8c89a0b40] = 80
 main code      [0x000001f8c89a0b40,0x000001f8c89a0c98] = 344
 stub code      [0x000001f8c89a0c98,0x000001f8c89a0ce8] = 80
 metadata       [0x000001f8c89a0ce8,0x000001f8c89a0cf0] = 8
 scopes data    [0x000001f8c89a0cf0,0x000001f8c89a0d38] = 72
 scopes pcs     [0x000001f8c89a0d38,0x000001f8c89a0d88] = 80
 dependencies   [0x000001f8c89a0d88,0x000001f8c89a0d90] = 8

[Constant Pool (empty)]

[MachCode]
[Entry Point]
  # {method} {0x000001f8dc04d810} 'defineClass' '(Ljava/lang/String;[BIILjava/security/CodeSource;)Ljava/lang/Class;' in 'java/security/SecureClassLoader'
  # this:     rdx:rdx   = 'java/security/SecureClassLoader'
  # parm0:    r8:r8     = 'java/lang/String'
  # parm1:    r9:r9     = '[B'
  # parm2:    rdi       = int
  # parm3:    rsi       = int
  # parm4:    rcx:rcx   = 'java/security/CodeSource'
  #           [sp+0x80]  (sp of caller)
  0x000001f8c89a0b40: 448b 5208 | 49bb 0000 | 00dc f801 | 0000 4d03 | d34c 3bd0 

  0x000001f8c89a0b54: ;   {runtime_call ic_miss_stub}
  0x000001f8c89a0b54: 0f85 26dc | 3b07 660f | 1f44 0000 
[Verified Entry Point]
  0x000001f8c89a0b60: 8984 2400 | 80ff ff55 | 4883 ec70 | 4181 7f20 | 0100 0000 

  0x000001f8c89a0b74: ;   {runtime_call StubRoutines (final stubs)}
  0x000001f8c89a0b74: 7405 e8e5 

  0x000001f8c89a0b78: ;   {metadata(method data for {method} {0x000001f8dc04d810} 'defineClass' '(Ljava/lang/String;[BIILjava/security/CodeSource;)Ljava/lang/Class;' in 'java/security/SecureClassLoader')}
  0x000001f8c89a0b78: 413a 0748 | bb28 dc1b | 1df9 0100 | 008b 83cc | 0000 0083 | c002 8983 | cc00 0000 | 25fe 0700 
  0x000001f8c89a0b98: 0083 f800 | 0f84 9500 | 0000 8974 | 245c 897c | 2458 4c89 | 4c24 504c | 8944 2448 

  0x000001f8c89a0bb4: ;   {metadata(method data for {method} {0x000001f8dc04d810} 'defineClass' '(Ljava/lang/String;[BIILjava/security/CodeSource;)Ljava/lang/Class;' in 'java/security/SecureClassLoader')}
  0x000001f8c89a0bb4: 488b da48 | b828 dc1b | 1df9 0100 | 0048 8380 | 1001 0000 | 014c 8bc1 | 488b c248 | 8bd0 4889 
  0x000001f8c89a0bd4: ;   {optimized virtual_call}
  0x000001f8c89a0bd4: 4424 40e8 

  0x000001f8c89a0bd8: ; ImmutableOopMap {[64]=Oop [72]=Oop [80]=Oop }
                      ;*invokevirtual getProtectionDomain {reexecute=0 rethrow=0 return_oop=0}
                      ; - java.security.SecureClassLoader::defineClass@9 (line 150)
  0x000001f8c89a0bd8: 4404 0000 

  0x000001f8c89a0bdc: ;   {other}
  0x000001f8c89a0bdc: 0f1f 8400 | 4c02 0000 | 488b 5424 

  0x000001f8c89a0be8: ;   {metadata(method data for {method} {0x000001f8dc04d810} 'defineClass' '(Ljava/lang/String;[BIILjava/security/CodeSource;)Ljava/lang/Class;' in 'java/security/SecureClassLoader')}
  0x000001f8c89a0be8: 4049 b828 | dc1b 1df9 | 0100 0049 | 8380 4801 | 0000 014c | 8b44 2448 | 4c8b 4c24 | 508b 7c24 
  0x000001f8c89a0c08: 588b 7424 | 5c48 8bc8 | 488b 5424 

  0x000001f8c89a0c14: ;   {optimized virtual_call}
  0x000001f8c89a0c14: 4066 90e8 

  0x000001f8c89a0c18: ; ImmutableOopMap {}
                      ;*invokevirtual defineClass {reexecute=0 rethrow=0 return_oop=0}
                      ; - java.security.SecureClassLoader::defineClass@12 (line 150)
  0x000001f8c89a0c18: a40c 0300 

  0x000001f8c89a0c1c: ;   {other}
  0x000001f8c89a0c1c: 0f1f 8400 | 8c02 0001 | 4883 c470 

  0x000001f8c89a0c28: ;   {poll_return}
  0x000001f8c89a0c28: 5d49 3ba7 | 5004 0000 | 0f87 2200 

  0x000001f8c89a0c34: ;   {metadata({method} {0x000001f8dc04d810} 'defineClass' '(Ljava/lang/String;[BIILjava/security/CodeSource;)Ljava/lang/Class;' in 'java/security/SecureClassLoader')}
  0x000001f8c89a0c34: 0000 c349 | ba08 d804 | dcf8 0100 | 004c 8954 | 2408 48c7 | 0424 ffff 

  0x000001f8c89a0c4c: ;   {runtime_call counter_overflow Runtime1 stub}
  0x000001f8c89a0c4c: ffff e82d 

  0x000001f8c89a0c50: ; ImmutableOopMap {rdx=Oop r8=Oop r9=Oop rcx=Oop }
                      ;*synchronization entry
                      ; - java.security.SecureClassLoader::defineClass@-1 (line 150)
  0x000001f8c89a0c50: 8048 07e9 | 4aff ffff 

  0x000001f8c89a0c58: ;   {internal_word}
  0x000001f8c89a0c58: 49ba 290c | 9ac8 f801 | 0000 4d89 | 9768 0400 

  0x000001f8c89a0c68: ;   {runtime_call SafepointBlob}
  0x000001f8c89a0c68: 00e9 924a | 3c07 498b | 8700 0500 | 0049 c787 | 0005 0000 | 0000 0000 | 49c7 8708 | 0500 0000 
  0x000001f8c89a0c88: 0000 0048 | 83c4 705d 

  0x000001f8c89a0c90: ;   {runtime_call unwind_exception Runtime1 stub}
  0x000001f8c89a0c90: e96b f647 | 07f4 f4f4 
[Stub Code]
  0x000001f8c89a0c98: ;   {no_reloc}
  0x000001f8c89a0c98: 48bb 0000 | 0000 0000 

  0x000001f8c89a0ca0: ;   {runtime_call}
  0x000001f8c89a0ca0: 0000 e9fb 

  0x000001f8c89a0ca4: ;   {static_stub}
  0x000001f8c89a0ca4: ffff ff48 | bba8 ce43 | dcf8 0100 

  0x000001f8c89a0cb0: ;   {runtime_call I2C/C2I adapters}
  0x000001f8c89a0cb0: 00e9 bf04 

  0x000001f8c89a0cb4: ;   {runtime_call handle_exception_from_callee Runtime1 stub}
  0x000001f8c89a0cb4: 3b07 e845 

  0x000001f8c89a0cb8: ;   {external_word}
  0x000001f8c89a0cb8: 4848 0748 | b900 2879 | 34fe 7f00 | 0048 83e4 

  0x000001f8c89a0cc8: ;   {runtime_call}
  0x000001f8c89a0cc8: f048 b8e0 | 0f41 34fe | 7f00 00ff 

  0x000001f8c89a0cd4: ;   {section_word}
  0x000001f8c89a0cd4: d0f4 49ba | d60c 9ac8 | f801 0000 

  0x000001f8c89a0ce0: ;   {runtime_call DeoptimizationBlob}
  0x000001f8c89a0ce0: 4152 e9b9 | 3c3c 07f4 
[/MachCode]


---------------  P R O C E S S  ---------------

Threads class SMR info:
_java_thread_list=0x000001f9219bc810, length=14, elements={
0x000001f8be180f90, 0x000001f8dba007b0, 0x000001f8dba016d0, 0x000001f8dba05c50,
0x000001f8dba0da50, 0x000001f8dba0d3c0, 0x000001f8dba0e770, 0x000001f8dba1f0f0,
0x000001f8dba20ff0, 0x000001f8dba0e0e0, 0x000001f8dba0ee00, 0x000001f8dba0f490,
0x000001f8dba0fb20, 0x000001f8dba0c6a0
}

Java Threads: ( => current thread )
  0x000001f8be180f90 JavaThread "main"                              [_thread_blocked, id=16396, stack(0x0000002dec000000,0x0000002dec100000) (1024K)]
  0x000001f8dba007b0 JavaThread "Reference Handler"          daemon [_thread_blocked, id=16868, stack(0x0000002dec800000,0x0000002dec900000) (1024K)]
  0x000001f8dba016d0 JavaThread "Finalizer"                  daemon [_thread_blocked, id=13020, stack(0x0000002dec900000,0x0000002deca00000) (1024K)]
  0x000001f8dba05c50 JavaThread "Signal Dispatcher"          daemon [_thread_blocked, id=15672, stack(0x0000002deca00000,0x0000002decb00000) (1024K)]
  0x000001f8dba0da50 JavaThread "Attach Listener"            daemon [_thread_blocked, id=5108, stack(0x0000002decb00000,0x0000002decc00000) (1024K)]
  0x000001f8dba0d3c0 JavaThread "Service Thread"             daemon [_thread_blocked, id=18428, stack(0x0000002decc00000,0x0000002decd00000) (1024K)]
  0x000001f8dba0e770 JavaThread "Monitor Deflation Thread"   daemon [_thread_blocked, id=16420, stack(0x0000002decd00000,0x0000002dece00000) (1024K)]
  0x000001f8dba1f0f0 JavaThread "C2 CompilerThread0"         daemon [_thread_blocked, id=12628, stack(0x0000002dece00000,0x0000002decf00000) (1024K)]
  0x000001f8dba20ff0 JavaThread "C1 CompilerThread0"         daemon [_thread_blocked, id=14484, stack(0x0000002decf00000,0x0000002ded000000) (1024K)]
  0x000001f8dba0e0e0 JavaThread "Notification Thread"        daemon [_thread_blocked, id=15596, stack(0x0000002ded000000,0x0000002ded100000) (1024K)]
  0x000001f8dba0ee00 JavaThread "Common-Cleaner"             daemon [_thread_blocked, id=4660, stack(0x0000002ded100000,0x0000002ded200000) (1024K)]
  0x000001f8dba0f490 JavaThread "Thread-0"                          [_thread_blocked, id=7136, stack(0x0000002ded200000,0x0000002ded300000) (1024K)]
  0x000001f8dba0fb20 JavaThread "restartedMain"                     [_thread_in_vm, id=14884, stack(0x0000002ded300000,0x0000002ded400000) (1024K)]
=>0x000001f8dba0c6a0 JavaThread "background-preinit"                [_thread_in_vm, id=11956, stack(0x0000002ded900000,0x0000002deda00000) (1024K)]
Total: 14

Other Threads:
  0x000001f8db9e8cc0 VMThread "VM Thread"                           [id=12680, stack(0x0000002dec700000,0x0000002dec800000) (1024K)]
  0x000001f8db9ce3e0 WatcherThread "VM Periodic Task Thread"        [id=11596, stack(0x0000002dec600000,0x0000002dec700000) (1024K)]
  0x000001f8c03c42a0 WorkerThread "GC Thread#0"                     [id=18028, stack(0x0000002dec100000,0x0000002dec200000) (1024K)]
  0x000001f92110f380 WorkerThread "GC Thread#1"                     [id=6664, stack(0x0000002ded400000,0x0000002ded500000) (1024K)]
  0x000001f92110f720 WorkerThread "GC Thread#2"                     [id=5776, stack(0x0000002ded500000,0x0000002ded600000) (1024K)]
  0x000001f9211102d0 WorkerThread "GC Thread#3"                     [id=9324, stack(0x0000002ded600000,0x0000002ded700000) (1024K)]
  0x000001f9215f8fa0 WorkerThread "GC Thread#4"                     [id=8576, stack(0x0000002ded700000,0x0000002ded800000) (1024K)]
  0x000001f9213a96e0 WorkerThread "GC Thread#5"                     [id=16516, stack(0x0000002ded800000,0x0000002ded900000) (1024K)]
  0x000001f8c03cbdc0 ConcurrentGCThread "G1 Main Marker"            [id=4056, stack(0x0000002dec200000,0x0000002dec300000) (1024K)]
  0x000001f8c03cca70 WorkerThread "G1 Conc#0"                       [id=18824, stack(0x0000002dec300000,0x0000002dec400000) (1024K)]
  0x000001f8c043c830 ConcurrentGCThread "G1 Refine#0"               [id=6792, stack(0x0000002dec400000,0x0000002dec500000) (1024K)]
  0x000001f8c043d3a0 ConcurrentGCThread "G1 Service"                [id=6536, stack(0x0000002dec500000,0x0000002dec600000) (1024K)]
Total: 12

Threads with active compile tasks:
Total: 0

VM state: not at safepoint (normal execution)

VM Mutex/Monitor currently owned by a thread:  ([mutex/lock_event])
[0x00007ffe34a28578] Metaspace_lock - owner thread: 0x000001f8dba0c6a0

Heap address: 0x00000000ca600000, size: 858 MB, Compressed Oops mode: 32-bit

CDS archive(s) mapped at: [0x000001f8dc000000-0x000001f8dcc90000-0x000001f8dcc90000), size 13172736, SharedBaseAddress: 0x000001f8dc000000, ArchiveRelocationMode: 1.
Compressed class space mapped at: 0x000001f8dd000000-0x000001f91d000000, reserved size: 1073741824
Narrow klass base: 0x000001f8dc000000, Narrow klass shift: 0, Narrow klass range: 0x100000000

GC Precious Log:
 CardTable entry size: 512
 Card Set container configuration: InlinePtr #cards 5 size 8 Array Of Cards #cards 12 size 40 Howl #buckets 4 coarsen threshold 1843 Howl Bitmap #cards 512 size 80 coarsen threshold 460 Card regions per heap region 1 cards per card region 2048
 CPUs: 12 total, 12 available
 Memory: 3424M
 Large Page Support: Disabled
 NUMA Support: Disabled
 Compressed Oops: Enabled (32-bit)
 Heap Region Size: 1M
 Heap Min Capacity: 8M
 Heap Initial Capacity: 54M
 Heap Max Capacity: 858M
 Pre-touch: Disabled
 Parallel Workers: 10
 Concurrent Workers: 3
 Concurrent Refinement Workers: 10
 Periodic GC: Disabled

Heap:
 garbage-first heap   total 55296K, used 11757K [0x00000000ca600000, 0x0000000100000000)
  region size 1024K, 12 young (12288K), 3 survivors (3072K)
 Metaspace       used 8751K, committed 9024K, reserved 1114112K
  class space    used 1116K, committed 1280K, reserved 1048576K

Heap Regions: E=young(eden), S=young(survivor), O=old, HS=humongous(starts), HC=humongous(continues), CS=collection set, F=free, TAMS=top-at-mark-start, PB=parsable bottom
|   0|0x00000000ca600000, 0x00000000ca700000, 0x00000000ca700000|100%| O|  |TAMS 0x00000000ca600000| PB 0x00000000ca600000| Untracked 
|   1|0x00000000ca700000, 0x00000000ca77b490, 0x00000000ca800000| 48%| O|  |TAMS 0x00000000ca700000| PB 0x00000000ca700000| Untracked 
|   2|0x00000000ca800000, 0x00000000ca800000, 0x00000000ca900000|  0%| F|  |TAMS 0x00000000ca800000| PB 0x00000000ca800000| Untracked 
|   3|0x00000000ca900000, 0x00000000ca900000, 0x00000000caa00000|  0%| F|  |TAMS 0x00000000ca900000| PB 0x00000000ca900000| Untracked 
|   4|0x00000000caa00000, 0x00000000caa00000, 0x00000000cab00000|  0%| F|  |TAMS 0x00000000caa00000| PB 0x00000000caa00000| Untracked 
|   5|0x00000000cab00000, 0x00000000cab00000, 0x00000000cac00000|  0%| F|  |TAMS 0x00000000cab00000| PB 0x00000000cab00000| Untracked 
|   6|0x00000000cac00000, 0x00000000cac00000, 0x00000000cad00000|  0%| F|  |TAMS 0x00000000cac00000| PB 0x00000000cac00000| Untracked 
|   7|0x00000000cad00000, 0x00000000cad00000, 0x00000000cae00000|  0%| F|  |TAMS 0x00000000cad00000| PB 0x00000000cad00000| Untracked 
|   8|0x00000000cae00000, 0x00000000cae00000, 0x00000000caf00000|  0%| F|  |TAMS 0x00000000cae00000| PB 0x00000000cae00000| Untracked 
|   9|0x00000000caf00000, 0x00000000caf00000, 0x00000000cb000000|  0%| F|  |TAMS 0x00000000caf00000| PB 0x00000000caf00000| Untracked 
|  10|0x00000000cb000000, 0x00000000cb000000, 0x00000000cb100000|  0%| F|  |TAMS 0x00000000cb000000| PB 0x00000000cb000000| Untracked 
|  11|0x00000000cb100000, 0x00000000cb100000, 0x00000000cb200000|  0%| F|  |TAMS 0x00000000cb100000| PB 0x00000000cb100000| Untracked 
|  12|0x00000000cb200000, 0x00000000cb200000, 0x00000000cb300000|  0%| F|  |TAMS 0x00000000cb200000| PB 0x00000000cb200000| Untracked 
|  13|0x00000000cb300000, 0x00000000cb300000, 0x00000000cb400000|  0%| F|  |TAMS 0x00000000cb300000| PB 0x00000000cb300000| Untracked 
|  14|0x00000000cb400000, 0x00000000cb400000, 0x00000000cb500000|  0%| F|  |TAMS 0x00000000cb400000| PB 0x00000000cb400000| Untracked 
|  15|0x00000000cb500000, 0x00000000cb500000, 0x00000000cb600000|  0%| F|  |TAMS 0x00000000cb500000| PB 0x00000000cb500000| Untracked 
|  16|0x00000000cb600000, 0x00000000cb600000, 0x00000000cb700000|  0%| F|  |TAMS 0x00000000cb600000| PB 0x00000000cb600000| Untracked 
|  17|0x00000000cb700000, 0x00000000cb700000, 0x00000000cb800000|  0%| F|  |TAMS 0x00000000cb700000| PB 0x00000000cb700000| Untracked 
|  18|0x00000000cb800000, 0x00000000cb800000, 0x00000000cb900000|  0%| F|  |TAMS 0x00000000cb800000| PB 0x00000000cb800000| Untracked 
|  19|0x00000000cb900000, 0x00000000cb900000, 0x00000000cba00000|  0%| F|  |TAMS 0x00000000cb900000| PB 0x00000000cb900000| Untracked 
|  20|0x00000000cba00000, 0x00000000cba00000, 0x00000000cbb00000|  0%| F|  |TAMS 0x00000000cba00000| PB 0x00000000cba00000| Untracked 
|  21|0x00000000cbb00000, 0x00000000cbb00000, 0x00000000cbc00000|  0%| F|  |TAMS 0x00000000cbb00000| PB 0x00000000cbb00000| Untracked 
|  22|0x00000000cbc00000, 0x00000000cbc00000, 0x00000000cbd00000|  0%| F|  |TAMS 0x00000000cbc00000| PB 0x00000000cbc00000| Untracked 
|  23|0x00000000cbd00000, 0x00000000cbd00000, 0x00000000cbe00000|  0%| F|  |TAMS 0x00000000cbd00000| PB 0x00000000cbd00000| Untracked 
|  24|0x00000000cbe00000, 0x00000000cbe00000, 0x00000000cbf00000|  0%| F|  |TAMS 0x00000000cbe00000| PB 0x00000000cbe00000| Untracked 
|  25|0x00000000cbf00000, 0x00000000cbf00000, 0x00000000cc000000|  0%| F|  |TAMS 0x00000000cbf00000| PB 0x00000000cbf00000| Untracked 
|  26|0x00000000cc000000, 0x00000000cc000000, 0x00000000cc100000|  0%| F|  |TAMS 0x00000000cc000000| PB 0x00000000cc000000| Untracked 
|  27|0x00000000cc100000, 0x00000000cc100000, 0x00000000cc200000|  0%| F|  |TAMS 0x00000000cc100000| PB 0x00000000cc100000| Untracked 
|  28|0x00000000cc200000, 0x00000000cc300000, 0x00000000cc300000|100%| S|CS|TAMS 0x00000000cc200000| PB 0x00000000cc200000| Complete 
|  29|0x00000000cc300000, 0x00000000cc400000, 0x00000000cc400000|100%| S|CS|TAMS 0x00000000cc300000| PB 0x00000000cc300000| Complete 
|  30|0x00000000cc400000, 0x00000000cc500000, 0x00000000cc500000|100%| S|CS|TAMS 0x00000000cc400000| PB 0x00000000cc400000| Complete 
|  31|0x00000000cc500000, 0x00000000cc500000, 0x00000000cc600000|  0%| F|  |TAMS 0x00000000cc500000| PB 0x00000000cc500000| Untracked 
|  32|0x00000000cc600000, 0x00000000cc600000, 0x00000000cc700000|  0%| F|  |TAMS 0x00000000cc600000| PB 0x00000000cc600000| Untracked 
|  33|0x00000000cc700000, 0x00000000cc700000, 0x00000000cc800000|  0%| F|  |TAMS 0x00000000cc700000| PB 0x00000000cc700000| Untracked 
|  34|0x00000000cc800000, 0x00000000cc800000, 0x00000000cc900000|  0%| F|  |TAMS 0x00000000cc800000| PB 0x00000000cc800000| Untracked 
|  35|0x00000000cc900000, 0x00000000cc900000, 0x00000000cca00000|  0%| F|  |TAMS 0x00000000cc900000| PB 0x00000000cc900000| Untracked 
|  36|0x00000000cca00000, 0x00000000cca00000, 0x00000000ccb00000|  0%| F|  |TAMS 0x00000000cca00000| PB 0x00000000cca00000| Untracked 
|  37|0x00000000ccb00000, 0x00000000ccb00000, 0x00000000ccc00000|  0%| F|  |TAMS 0x00000000ccb00000| PB 0x00000000ccb00000| Untracked 
|  38|0x00000000ccc00000, 0x00000000ccc00000, 0x00000000ccd00000|  0%| F|  |TAMS 0x00000000ccc00000| PB 0x00000000ccc00000| Untracked 
|  39|0x00000000ccd00000, 0x00000000ccd00000, 0x00000000cce00000|  0%| F|  |TAMS 0x00000000ccd00000| PB 0x00000000ccd00000| Untracked 
|  40|0x00000000cce00000, 0x00000000cce00000, 0x00000000ccf00000|  0%| F|  |TAMS 0x00000000cce00000| PB 0x00000000cce00000| Untracked 
|  41|0x00000000ccf00000, 0x00000000ccf00000, 0x00000000cd000000|  0%| F|  |TAMS 0x00000000ccf00000| PB 0x00000000ccf00000| Untracked 
|  42|0x00000000cd000000, 0x00000000cd000000, 0x00000000cd100000|  0%| F|  |TAMS 0x00000000cd000000| PB 0x00000000cd000000| Untracked 
|  43|0x00000000cd100000, 0x00000000cd100000, 0x00000000cd200000|  0%| F|  |TAMS 0x00000000cd100000| PB 0x00000000cd100000| Untracked 
|  44|0x00000000cd200000, 0x00000000cd200000, 0x00000000cd300000|  0%| F|  |TAMS 0x00000000cd200000| PB 0x00000000cd200000| Untracked 
|  45|0x00000000cd300000, 0x00000000cd376700, 0x00000000cd400000| 46%| E|  |TAMS 0x00000000cd300000| PB 0x00000000cd300000| Complete 
|  46|0x00000000cd400000, 0x00000000cd500000, 0x00000000cd500000|100%| E|CS|TAMS 0x00000000cd400000| PB 0x00000000cd400000| Complete 
|  47|0x00000000cd500000, 0x00000000cd600000, 0x00000000cd600000|100%| E|CS|TAMS 0x00000000cd500000| PB 0x00000000cd500000| Complete 
|  48|0x00000000cd600000, 0x00000000cd700000, 0x00000000cd700000|100%| E|CS|TAMS 0x00000000cd600000| PB 0x00000000cd600000| Complete 
|  49|0x00000000cd700000, 0x00000000cd800000, 0x00000000cd800000|100%| E|CS|TAMS 0x00000000cd700000| PB 0x00000000cd700000| Complete 
|  50|0x00000000cd800000, 0x00000000cd900000, 0x00000000cd900000|100%| E|CS|TAMS 0x00000000cd800000| PB 0x00000000cd800000| Complete 
|  51|0x00000000cd900000, 0x00000000cda00000, 0x00000000cda00000|100%| E|CS|TAMS 0x00000000cd900000| PB 0x00000000cd900000| Complete 
|  52|0x00000000cda00000, 0x00000000cdb00000, 0x00000000cdb00000|100%| E|  |TAMS 0x00000000cda00000| PB 0x00000000cda00000| Complete 
|  53|0x00000000cdb00000, 0x00000000cdc00000, 0x00000000cdc00000|100%| E|CS|TAMS 0x00000000cdb00000| PB 0x00000000cdb00000| Complete 

Card table byte_map: [0x000001f8d7ee0000,0x000001f8d8090000] _byte_map_base: 0x000001f8d788d000

Marking Bits: (CMBitMap*) 0x000001f8c03c49a0
 Bits: [0x000001f8d8090000, 0x000001f8d8df8000)

Polling page: 0x000001f8be2f0000

Metaspace:

Usage:
  Non-class:      7.46 MB used.
      Class:      1.09 MB used.
       Both:      8.55 MB used.

Virtual space:
  Non-class space:       64.00 MB reserved,       7.56 MB ( 12%) committed,  1 nodes.
      Class space:        1.00 GB reserved,       1.25 MB ( <1%) committed,  1 nodes.
             Both:        1.06 GB reserved,       8.81 MB ( <1%) committed. 

Chunk freelists:
   Non-Class:  7.73 MB
       Class:  14.66 MB
        Both:  22.39 MB

MaxMetaspaceSize: unlimited
CompressedClassSpaceSize: 1.00 GB
Initial GC threshold: 21.00 MB
Current GC threshold: 21.00 MB
CDS: on
 - commit_granule_bytes: 65536.
 - commit_granule_words: 8192.
 - virtual_space_node_default_size: 8388608.
 - enlarge_chunks_in_place: 1.
 - use_allocation_guard: 0.


Internal statistics:

num_allocs_failed_limit: 0.
num_arena_births: 258.
num_arena_deaths: 0.
num_vsnodes_births: 2.
num_vsnodes_deaths: 0.
num_space_committed: 141.
num_space_uncommitted: 0.
num_chunks_returned_to_freelist: 0.
num_chunks_taken_from_freelist: 591.
num_chunk_merges: 0.
num_chunk_splits: 326.
num_chunks_enlarged: 173.
num_inconsistent_stats: 0.

CodeHeap 'non-profiled nmethods': size=120000Kb used=548Kb max_used=548Kb free=119451Kb
 bounds [0x000001f8d02b0000, 0x000001f8d0520000, 0x000001f8d77e0000]
CodeHeap 'profiled nmethods': size=120000Kb used=3052Kb max_used=3052Kb free=116948Kb
 bounds [0x000001f8c87e0000, 0x000001f8c8ae0000, 0x000001f8cfd10000]
CodeHeap 'non-nmethods': size=5760Kb used=1386Kb max_used=1401Kb free=4374Kb
 bounds [0x000001f8cfd10000, 0x000001f8cff80000, 0x000001f8d02b0000]
 total_blobs=2150 nmethods=1669 adapters=385
 compilation: enabled
              stopped_count=0, restarted_count=0
 full_count=0

Compilation events (20 events):
Event: 1.570 Thread 0x000001f8dba20ff0 1651       3       org.springframework.boot.context.properties.source.SpringConfigurationPropertySources$SourcesIterator::next (24 bytes)
Event: 1.571 Thread 0x000001f8dba20ff0 nmethod 1651 0x000001f8c8acf210 code [0x000001f8c8acf3e0, 0x000001f8c8acf680]
Event: 1.571 Thread 0x000001f8dba20ff0 1652       3       org.springframework.core.env.MapPropertySource::getPropertyNames (16 bytes)
Event: 1.571 Thread 0x000001f8dba20ff0 nmethod 1652 0x000001f8c8acf790 code [0x000001f8c8acf9a0, 0x000001f8c8ad00f8]
Event: 1.571 Thread 0x000001f8dba20ff0 1654       3       org.springframework.boot.context.properties.bind.MapBinder$$Lambda/0x000001f8dd12da88::test (12 bytes)
Event: 1.572 Thread 0x000001f8dba20ff0 nmethod 1654 0x000001f8c8ad0290 code [0x000001f8c8ad0480, 0x000001f8c8ad09f0]
Event: 1.572 Thread 0x000001f8dba20ff0 1653       3       java.time.Instant::ofEpochSecond (31 bytes)
Event: 1.572 Thread 0x000001f8dba20ff0 nmethod 1653 0x000001f8c8ad0c10 code [0x000001f8c8ad0de0, 0x000001f8c8ad0fd0]
Event: 1.574 Thread 0x000001f8dba1f0f0 1656       4       org.springframework.boot.context.properties.source.ConfigurationPropertyName$Elements::get (49 bytes)
Event: 1.575 Thread 0x000001f8dba20ff0 1657       3       org.springframework.core.ResolvableType::resolve (16 bytes)
Event: 1.575 Thread 0x000001f8dba20ff0 nmethod 1657 0x000001f8c8ad1110 code [0x000001f8c8ad12c0, 0x000001f8c8ad1448]
Event: 1.575 Thread 0x000001f8dba20ff0 1658       3       java.util.Collections::singleton (9 bytes)
Event: 1.575 Thread 0x000001f8dba20ff0 nmethod 1658 0x000001f8c8ad1510 code [0x000001f8c8ad16e0, 0x000001f8c8ad1a00]
Event: 1.575 Thread 0x000001f8dba20ff0 1663       3       org.springframework.core.ResolvableType::<init> (39 bytes)
Event: 1.576 Thread 0x000001f8dba20ff0 nmethod 1663 0x000001f8c8ad1b10 code [0x000001f8c8ad1ce0, 0x000001f8c8ad2080]
Event: 1.576 Thread 0x000001f8dba20ff0 1664       3       org.springframework.core.ResolvableType::getGenerics (197 bytes)
Event: 1.578 Thread 0x000001f8dba20ff0 nmethod 1664 0x000001f8c8ad2190 code [0x000001f8c8ad24c0, 0x000001f8c8ad3e80]
Event: 1.578 Thread 0x000001f8dba20ff0 1668       3       org.springframework.boot.context.properties.source.SpringIterableConfigurationPropertySource$Mappings::updateMappings (261 bytes)
Event: 1.580 Thread 0x000001f8dba20ff0 nmethod 1668 0x000001f8c8ad4490 code [0x000001f8c8ad48c0, 0x000001f8c8ad6958]
Event: 1.581 Thread 0x000001f8dba20ff0 1659       3       java.util.Collections$SingletonSet::<init> (10 bytes)

GC Heap History (2 events):
Event: 1.187 GC heap before
{Heap before GC invocations=0 (full 0):
 garbage-first heap   total 55296K, used 23552K [0x00000000ca600000, 0x0000000100000000)
  region size 1024K, 23 young (23552K), 0 survivors (0K)
 Metaspace       used 6942K, committed 7104K, reserved 1114112K
  class space    used 814K, committed 896K, reserved 1048576K
}
Event: 1.196 GC heap after
{Heap after GC invocations=1 (full 0):
 garbage-first heap   total 55296K, used 4589K [0x00000000ca600000, 0x0000000100000000)
  region size 1024K, 3 young (3072K), 3 survivors (3072K)
 Metaspace       used 6942K, committed 7104K, reserved 1114112K
  class space    used 814K, committed 896K, reserved 1048576K
}

Dll operation events (8 events):
Event: 0.014 Loaded shared library C:\Program Files\Java\jdk-21\bin\java.dll
Event: 0.069 Loaded shared library C:\Program Files\Java\jdk-21\bin\jsvml.dll
Event: 0.140 Loaded shared library C:\Program Files\Java\jdk-21\bin\net.dll
Event: 0.143 Loaded shared library C:\Program Files\Java\jdk-21\bin\nio.dll
Event: 0.150 Loaded shared library C:\Program Files\Java\jdk-21\bin\zip.dll
Event: 0.279 Loaded shared library C:\Program Files\Java\jdk-21\bin\jimage.dll
Event: 0.726 Loaded shared library C:\Program Files\Java\jdk-21\bin\management.dll
Event: 0.731 Loaded shared library C:\Program Files\Java\jdk-21\bin\management_ext.dll

Deoptimization events (20 events):
Event: 1.196 Thread 0x000001f8dba007b0 Uncommon trap: trap_request=0xffffff45 fr.pc=0x000001f8d02cca60 relative=0x0000000000000040
Event: 1.196 Thread 0x000001f8dba007b0 Uncommon trap: reason=unstable_if action=reinterpret pc=0x000001f8d02cca60 method=java.util.concurrent.locks.AbstractQueuedSynchronizer.signalNext(Ljava/util/concurrent/locks/AbstractQueuedSynchronizer$Node;)V @ 1 c2
Event: 1.197 Thread 0x000001f8dba007b0 DEOPT PACKING pc=0x000001f8d02cca60 sp=0x0000002dec8ff1c0
Event: 1.197 Thread 0x000001f8dba007b0 DEOPT UNPACKING pc=0x000001f8cfd646a2 sp=0x0000002dec8ff150 mode 2
Event: 1.323 Thread 0x000001f8dba0fb20 Uncommon trap: trap_request=0xffffff45 fr.pc=0x000001f8d02efbe8 relative=0x0000000000000228
Event: 1.323 Thread 0x000001f8dba0fb20 Uncommon trap: reason=unstable_if action=reinterpret pc=0x000001f8d02efbe8 method=java.lang.String.startsWith(Ljava/lang/String;I)Z @ 1 c2
Event: 1.323 Thread 0x000001f8dba0fb20 DEOPT PACKING pc=0x000001f8d02efbe8 sp=0x0000002ded3fdbd0
Event: 1.323 Thread 0x000001f8dba0fb20 DEOPT UNPACKING pc=0x000001f8cfd646a2 sp=0x0000002ded3fdb60 mode 2
Event: 1.401 Thread 0x000001f8dba0fb20 Uncommon trap: trap_request=0xffffffc6 fr.pc=0x000001f8d032beb0 relative=0x0000000000000330
Event: 1.401 Thread 0x000001f8dba0fb20 Uncommon trap: reason=bimorphic_or_optimized_type_check action=maybe_recompile pc=0x000001f8d032beb0 method=java.util.HashMap.getNode(Ljava/lang/Object;)Ljava/util/HashMap$Node; @ 63 c2
Event: 1.401 Thread 0x000001f8dba0fb20 DEOPT PACKING pc=0x000001f8d032beb0 sp=0x0000002ded3fdfe0
Event: 1.401 Thread 0x000001f8dba0fb20 DEOPT UNPACKING pc=0x000001f8cfd646a2 sp=0x0000002ded3fdf48 mode 2
Event: 1.401 Thread 0x000001f8dba0fb20 Uncommon trap: trap_request=0xffffffc6 fr.pc=0x000001f8d032beb0 relative=0x0000000000000330
Event: 1.401 Thread 0x000001f8dba0fb20 Uncommon trap: reason=bimorphic_or_optimized_type_check action=maybe_recompile pc=0x000001f8d032beb0 method=java.util.HashMap.getNode(Ljava/lang/Object;)Ljava/util/HashMap$Node; @ 63 c2
Event: 1.401 Thread 0x000001f8dba0fb20 DEOPT PACKING pc=0x000001f8d032beb0 sp=0x0000002ded3fdfe0
Event: 1.401 Thread 0x000001f8dba0fb20 DEOPT UNPACKING pc=0x000001f8cfd646a2 sp=0x0000002ded3fdf48 mode 2
Event: 1.408 Thread 0x000001f8dba0fb20 Uncommon trap: trap_request=0xffffffc6 fr.pc=0x000001f8d032beb0 relative=0x0000000000000330
Event: 1.408 Thread 0x000001f8dba0fb20 Uncommon trap: reason=bimorphic_or_optimized_type_check action=maybe_recompile pc=0x000001f8d032beb0 method=java.util.HashMap.getNode(Ljava/lang/Object;)Ljava/util/HashMap$Node; @ 63 c2
Event: 1.408 Thread 0x000001f8dba0fb20 DEOPT PACKING pc=0x000001f8d032beb0 sp=0x0000002ded3fdfe0
Event: 1.408 Thread 0x000001f8dba0fb20 DEOPT UNPACKING pc=0x000001f8cfd646a2 sp=0x0000002ded3fdf48 mode 2

Classes loaded (20 events):
Event: 1.437 Loading class java/io/UnsupportedEncodingException
Event: 1.437 Loading class java/io/UnsupportedEncodingException done
Event: 1.437 Loading class java/nio/charset/CharacterCodingException
Event: 1.438 Loading class java/nio/charset/CharacterCodingException done
Event: 1.457 Loading class java/util/concurrent/ScheduledExecutorService
Event: 1.457 Loading class java/util/concurrent/ScheduledExecutorService done
Event: 1.458 Loading class java/util/concurrent/Executors$DefaultThreadFactory
Event: 1.458 Loading class java/util/concurrent/Executors$DefaultThreadFactory done
Event: 1.476 Loading class java/util/Collections$UnmodifiableMap$UnmodifiableEntrySet
Event: 1.477 Loading class java/util/Collections$UnmodifiableMap$UnmodifiableEntrySet done
Event: 1.477 Loading class java/util/Collections$UnmodifiableMap$UnmodifiableEntrySet$UnmodifiableEntrySetSpliterator
Event: 1.477 Loading class java/util/Collections$UnmodifiableMap$UnmodifiableEntrySet$UnmodifiableEntrySetSpliterator done
Event: 1.477 Loading class java/util/HashMap$EntrySpliterator
Event: 1.477 Loading class java/util/HashMap$EntrySpliterator done
Event: 1.479 Loading class java/util/Collections$UnmodifiableMap$UnmodifiableEntrySet$UnmodifiableEntry
Event: 1.480 Loading class java/util/Collections$UnmodifiableMap$UnmodifiableEntrySet$UnmodifiableEntry done
Event: 1.497 Loading class java/util/Stack
Event: 1.497 Loading class java/util/Stack done
Event: 1.498 Loading class java/util/Vector$Itr
Event: 1.498 Loading class java/util/Vector$Itr done

Classes unloaded (0 events):
No events

Classes redefined (0 events):
No events

Internal exceptions (20 events):
Event: 1.084 Thread 0x000001f8dba0fb20 Exception <a 'java/lang/NoSuchMethodError'{0x00000000cc7c9e30}: 'java.lang.Object java.lang.invoke.DirectMethodHandle$Holder.newInvokeSpecial(java.lang.Object, long)'> (0x00000000cc7c9e30) 
thrown [s\open\src\hotspot\share\interpreter\linkResolver.cpp, line 773]
Event: 1.210 Thread 0x000001f8dba0fb20 Exception <a 'java/lang/NoSuchMethodError'{0x00000000cdb7b9a8}: 'java.lang.Object java.lang.invoke.DirectMethodHandle$Holder.newInvokeSpecial(java.lang.Object, java.lang.Object, java.lang.Object, java.lang.Object, java.lang.Object, java.lang.Object, java.lang.Object)'> (0x00000000cdb7b9a8) 
thrown [s\open\src\hotspot\share\interpreter\linkResolver.cpp, line 773]
Event: 1.214 Thread 0x000001f8dba0fb20 Exception <a 'java/lang/NoSuchMethodError'{0x00000000cdb93a88}: 'void java.lang.invoke.DirectMethodHandle$Holder.invokeStaticInit(java.lang.Object, java.lang.Object)'> (0x00000000cdb93a88) 
thrown [s\open\src\hotspot\share\interpreter\linkResolver.cpp, line 773]
Event: 1.225 Thread 0x000001f8dba0fb20 Exception <a 'java/lang/NoSuchMethodError'{0x00000000cdbd9458}: 'int java.lang.invoke.DirectMethodHandle$Holder.invokeStatic(java.lang.Object, java.lang.Object, java.lang.Object, java.lang.Object)'> (0x00000000cdbd9458) 
thrown [s\open\src\hotspot\share\interpreter\linkResolver.cpp, line 773]
Event: 1.233 Thread 0x000001f8dba0fb20 Exception <a 'java/lang/NoSuchMethodError'{0x00000000cda05a18}: 'java.lang.Object java.lang.invoke.Invokers$Holder.invokeExact_MT(java.lang.Object, java.lang.Object, java.lang.Object, java.lang.Object, java.lang.Object)'> (0x00000000cda05a18) 
thrown [s\open\src\hotspot\share\interpreter\linkResolver.cpp, line 773]
Event: 1.244 Thread 0x000001f8dba0fb20 Exception <a 'java/lang/NoSuchMethodError'{0x00000000cda39b98}: 'java.lang.Object java.lang.invoke.DirectMethodHandle$Holder.invokeSpecial(java.lang.Object, java.lang.Object, java.lang.Object, java.lang.Object, java.lang.Object, java.lang.Object, int)'> (0x00000000cda39b98) 
thrown [s\open\src\hotspot\share\interpreter\linkResolver.cpp, line 773]
Event: 1.245 Thread 0x000001f8dba0fb20 Exception <a 'java/lang/NoSuchMethodError'{0x00000000cda430a0}: 'java.lang.Object java.lang.invoke.DirectMethodHandle$Holder.newInvokeSpecial(java.lang.Object, java.lang.Object, java.lang.Object, java.lang.Object, java.lang.Object, java.lang.Object, int)'> (0x00000000cda430a0) 
thrown [s\open\src\hotspot\share\interpreter\linkResolver.cpp, line 773]
Event: 1.245 Thread 0x000001f8dba0fb20 Exception <a 'java/lang/NoSuchMethodError'{0x00000000cda7ac10}: 'java.lang.Object java.lang.invoke.DirectMethodHandle$Holder.invokeSpecial(java.lang.Object, java.lang.Object, java.lang.Object, java.lang.Object, java.lang.Object, java.lang.Object, java.lang.Object, int)'> (0x00000000cda7ac10) 
thrown [s\open\src\hotspot\share\interpreter\linkResolver.cpp, line 773]
Event: 1.297 Thread 0x000001f8dba0fb20 Exception <a 'java/lang/NoSuchMethodError'{0x00000000cd9a2660}: 'int java.lang.invoke.DirectMethodHandle$Holder.invokeInterface(java.lang.Object, java.lang.Object)'> (0x00000000cd9a2660) 
thrown [s\open\src\hotspot\share\interpreter\linkResolver.cpp, line 773]
Event: 1.303 Thread 0x000001f8dba0fb20 Exception <a 'java/lang/NoSuchMethodError'{0x00000000cd9c3b08}: 'void java.lang.invoke.DirectMethodHandle$Holder.invokeSpecial(java.lang.Object, java.lang.Object, java.lang.Object, java.lang.Object, java.lang.Object)'> (0x00000000cd9c3b08) 
thrown [s\open\src\hotspot\share\interpreter\linkResolver.cpp, line 773]
Event: 1.350 Thread 0x000001f8dba0fb20 Exception <a 'java/lang/NoSuchMethodError'{0x00000000cd89b588}: 'java.lang.Object java.lang.invoke.DirectMethodHandle$Holder.invokeSpecial(java.lang.Object, java.lang.Object, java.lang.Object, int, java.lang.Object)'> (0x00000000cd89b588) 
thrown [s\open\src\hotspot\share\interpreter\linkResolver.cpp, line 773]
Event: 1.351 Thread 0x000001f8dba0fb20 Exception <a 'java/lang/NoSuchMethodError'{0x00000000cd8a2e78}: 'java.lang.Object java.lang.invoke.DirectMethodHandle$Holder.newInvokeSpecial(java.lang.Object, java.lang.Object, java.lang.Object, int, java.lang.Object)'> (0x00000000cd8a2e78) 
thrown [s\open\src\hotspot\share\interpreter\linkResolver.cpp, line 773]
Event: 1.351 Thread 0x000001f8dba0fb20 Exception <a 'java/lang/NoSuchMethodError'{0x00000000cd8aa330}: 'java.lang.Object java.lang.invoke.Invokers$Holder.linkToTargetMethod(java.lang.Object, java.lang.Object, int, java.lang.Object, java.lang.Object)'> (0x00000000cd8aa330) 
thrown [s\open\src\hotspot\share\interpreter\linkResolver.cpp, line 773]
Event: 1.353 Thread 0x000001f8dba0fb20 Exception <a 'java/lang/NoSuchMethodError'{0x00000000cd8b81e0}: 'java.lang.Object java.lang.invoke.DirectMethodHandle$Holder.newInvokeSpecial(java.lang.Object, int, java.lang.Object)'> (0x00000000cd8b81e0) 
thrown [s\open\src\hotspot\share\interpreter\linkResolver.cpp, line 773]
Event: 1.354 Thread 0x000001f8dba0fb20 Exception <a 'java/lang/NoSuchMethodError'{0x00000000cd8bcb90}: 'int java.lang.invoke.DirectMethodHandle$Holder.invokeSpecialIFC(java.lang.Object, java.lang.Object, java.lang.Object, java.lang.Object)'> (0x00000000cd8bcb90) 
thrown [s\open\src\hotspot\share\interpreter\linkResolver.cpp, line 773]
Event: 1.387 Thread 0x000001f8dba0fb20 Exception <a 'java/lang/NoSuchMethodError'{0x00000000cd7a2898}: 'void java.lang.invoke.DirectMethodHandle$Holder.invokeInterface(java.lang.Object, java.lang.Object, java.lang.Object)'> (0x00000000cd7a2898) 
thrown [s\open\src\hotspot\share\interpreter\linkResolver.cpp, line 773]
Event: 1.424 Thread 0x000001f8dba0fb20 Exception <a 'java/lang/NoSuchMethodError'{0x00000000cd63d580}: 'void java.lang.invoke.DirectMethodHandle$Holder.invokeStaticInit(java.lang.Object, java.lang.Object, java.lang.Object)'> (0x00000000cd63d580) 
thrown [s\open\src\hotspot\share\interpreter\linkResolver.cpp, line 773]
Event: 1.429 Thread 0x000001f8dba0fb20 Exception <a 'java/lang/NoSuchMethodError'{0x00000000cd659740}: 'java.lang.Object java.lang.invoke.DirectMethodHandle$Holder.invokeVirtual(java.lang.Object, java.lang.Object, java.lang.Object)'> (0x00000000cd659740) 
thrown [s\open\src\hotspot\share\interpreter\linkResolver.cpp, line 773]
Event: 1.460 Thread 0x000001f8dba0fb20 Exception <a 'java/lang/NoSuchMethodError'{0x00000000cd6de928}: 'void java.lang.invoke.DirectMethodHandle$Holder.invokeVirtual(java.lang.Object, java.lang.Object, java.lang.Object, java.lang.Object)'> (0x00000000cd6de928) 
thrown [s\open\src\hotspot\share\interpreter\linkResolver.cpp, line 773]
Event: 1.577 Thread 0x000001f8dba0c6a0 Exception <a 'java/lang/NoClassDefFoundError'{0x00000000cd3598c0}: jakarta/validation/Validation> (0x00000000cd3598c0) 
thrown [s\open\src\hotspot\share\classfile\systemDictionary.cpp, line 301]

ZGC Phase Switch (0 events):
No events

VM Operations (18 events):
Event: 0.160 Executing VM operation: HandshakeAllThreads (Deoptimize)
Event: 0.160 Executing VM operation: HandshakeAllThreads (Deoptimize) done
Event: 0.285 Executing VM operation: HandshakeAllThreads (Deoptimize)
Event: 0.285 Executing VM operation: HandshakeAllThreads (Deoptimize) done
Event: 0.658 Executing VM operation: HandshakeAllThreads (Deoptimize)
Event: 0.658 Executing VM operation: HandshakeAllThreads (Deoptimize) done
Event: 0.658 Executing VM operation: HandshakeAllThreads (Deoptimize)
Event: 0.659 Executing VM operation: HandshakeAllThreads (Deoptimize) done
Event: 0.934 Executing VM operation: HandshakeAllThreads (Deoptimize)
Event: 0.934 Executing VM operation: HandshakeAllThreads (Deoptimize) done
Event: 1.186 Executing VM operation: G1CollectForAllocation (G1 Evacuation Pause)
Event: 1.196 Executing VM operation: G1CollectForAllocation (G1 Evacuation Pause) done
Event: 1.318 Executing VM operation: HandshakeAllThreads (Deoptimize)
Event: 1.318 Executing VM operation: HandshakeAllThreads (Deoptimize) done
Event: 1.558 Executing VM operation: HandshakeAllThreads (Deoptimize)
Event: 1.558 Executing VM operation: HandshakeAllThreads (Deoptimize) done
Event: 1.564 Executing VM operation: HandshakeAllThreads (Deoptimize)
Event: 1.564 Executing VM operation: HandshakeAllThreads (Deoptimize) done

Events (14 events):
Event: 0.039 Thread 0x000001f8be180f90 Thread added: 0x000001f8be180f90
Event: 0.066 Thread 0x000001f8dba007b0 Thread added: 0x000001f8dba007b0
Event: 0.066 Thread 0x000001f8dba016d0 Thread added: 0x000001f8dba016d0
Event: 0.066 Thread 0x000001f8dba05c50 Thread added: 0x000001f8dba05c50
Event: 0.066 Thread 0x000001f8dba0da50 Thread added: 0x000001f8dba0da50
Event: 0.066 Thread 0x000001f8dba0d3c0 Thread added: 0x000001f8dba0d3c0
Event: 0.066 Thread 0x000001f8dba0e770 Thread added: 0x000001f8dba0e770
Event: 0.067 Thread 0x000001f8dba1f0f0 Thread added: 0x000001f8dba1f0f0
Event: 0.067 Thread 0x000001f8dba20ff0 Thread added: 0x000001f8dba20ff0
Event: 0.125 Thread 0x000001f8dba0e0e0 Thread added: 0x000001f8dba0e0e0
Event: 0.131 Thread 0x000001f8dba0ee00 Thread added: 0x000001f8dba0ee00
Event: 0.787 Thread 0x000001f8dba0f490 Thread added: 0x000001f8dba0f490
Event: 0.791 Thread 0x000001f8dba0fb20 Thread added: 0x000001f8dba0fb20
Event: 1.573 Thread 0x000001f8dba0c6a0 Thread added: 0x000001f8dba0c6a0


Dynamic libraries:
0x00007ff6da690000 - 0x00007ff6da6a0000 	C:\Program Files\Java\jdk-21\bin\java.exe
0x00007ffe8e470000 - 0x00007ffe8e687000 	C:\windows\SYSTEM32\ntdll.dll
0x00007ffe8c620000 - 0x00007ffe8c6e4000 	C:\windows\System32\KERNEL32.DLL
0x00007ffe8b7b0000 - 0x00007ffe8bb6a000 	C:\windows\System32\KERNELBASE.dll
0x00007ffe8bc30000 - 0x00007ffe8bd41000 	C:\windows\System32\ucrtbase.dll
0x00007ffe76450000 - 0x00007ffe76469000 	C:\Program Files\Java\jdk-21\bin\jli.dll
0x00007ffe8df90000 - 0x00007ffe8e042000 	C:\windows\System32\ADVAPI32.dll
0x00007ffe8c570000 - 0x00007ffe8c617000 	C:\windows\System32\msvcrt.dll
0x00007ffe6b720000 - 0x00007ffe6b73b000 	C:\Program Files\Java\jdk-21\bin\VCRUNTIME140.dll
0x00007ffe8d440000 - 0x00007ffe8d4e7000 	C:\windows\System32\sechost.dll
0x00007ffe8c130000 - 0x00007ffe8c158000 	C:\windows\System32\bcrypt.dll
0x00007ffe8c6f0000 - 0x00007ffe8c804000 	C:\windows\System32\RPCRT4.dll
0x00007ffe8d860000 - 0x00007ffe8da0e000 	C:\windows\System32\USER32.dll
0x00007ffe8bd50000 - 0x00007ffe8bd76000 	C:\windows\System32\win32u.dll
0x00007ffe6bad0000 - 0x00007ffe6bd62000 	C:\windows\WinSxS\amd64_microsoft.windows.common-controls_6595b64144ccf1df_6.0.22621.4541_none_2710d1c57384c085\COMCTL32.dll
0x00007ffe8c530000 - 0x00007ffe8c559000 	C:\windows\System32\GDI32.dll
0x00007ffe8bd80000 - 0x00007ffe8be9b000 	C:\windows\System32\gdi32full.dll
0x00007ffe8bea0000 - 0x00007ffe8bf3a000 	C:\windows\System32\msvcp_win.dll
0x00007ffe83200000 - 0x00007ffe8320a000 	C:\windows\SYSTEM32\VERSION.dll
0x00007ffe8e3f0000 - 0x00007ffe8e421000 	C:\windows\System32\IMM32.DLL
0x00007ffe86ca0000 - 0x00007ffe86cac000 	C:\Program Files\Java\jdk-21\bin\vcruntime140_1.dll
0x00007ffe6b410000 - 0x00007ffe6b49e000 	C:\Program Files\Java\jdk-21\bin\msvcp140.dll
0x00007ffe33df0000 - 0x00007ffe34b05000 	C:\Program Files\Java\jdk-21\bin\server\jvm.dll
0x00007ffe8e050000 - 0x00007ffe8e0c1000 	C:\windows\System32\WS2_32.dll
0x00007ffe8afb0000 - 0x00007ffe8affd000 	C:\windows\SYSTEM32\POWRPROF.dll
0x00007ffe86f60000 - 0x00007ffe86f94000 	C:\windows\SYSTEM32\WINMM.dll
0x00007ffe8af90000 - 0x00007ffe8afa3000 	C:\windows\SYSTEM32\UMPDC.dll
0x00007ffe8a740000 - 0x00007ffe8a758000 	C:\windows\SYSTEM32\kernel.appcore.dll
0x00007ffe6b710000 - 0x00007ffe6b71a000 	C:\Program Files\Java\jdk-21\bin\jimage.dll
0x00007ffe83d90000 - 0x00007ffe83fc2000 	C:\windows\SYSTEM32\DBGHELP.DLL
0x00007ffe8d090000 - 0x00007ffe8d421000 	C:\windows\System32\combase.dll
0x00007ffe8e150000 - 0x00007ffe8e227000 	C:\windows\System32\OLEAUT32.dll
0x00007ffe6ff60000 - 0x00007ffe6ff92000 	C:\windows\SYSTEM32\dbgcore.DLL
0x00007ffe8c0b0000 - 0x00007ffe8c12b000 	C:\windows\System32\bcryptPrimitives.dll
0x00007ffe6b6f0000 - 0x00007ffe6b70f000 	C:\Program Files\Java\jdk-21\bin\java.dll
0x00007ffe8c810000 - 0x00007ffe8d089000 	C:\windows\System32\SHELL32.dll
0x00007ffe89620000 - 0x00007ffe89f29000 	C:\windows\SYSTEM32\windows.storage.dll
0x00007ffe894e0000 - 0x00007ffe8961f000 	C:\windows\SYSTEM32\wintypes.dll
0x00007ffe8de90000 - 0x00007ffe8df8a000 	C:\windows\System32\SHCORE.dll
0x00007ffe8c1e0000 - 0x00007ffe8c23e000 	C:\windows\System32\shlwapi.dll
0x00007ffe8b660000 - 0x00007ffe8b68b000 	C:\windows\SYSTEM32\profapi.dll
0x00007ffe5f240000 - 0x00007ffe5f317000 	C:\Program Files\Java\jdk-21\bin\jsvml.dll
0x00007ffe6b400000 - 0x00007ffe6b410000 	C:\Program Files\Java\jdk-21\bin\net.dll
0x00007ffe88310000 - 0x00007ffe88446000 	C:\windows\SYSTEM32\WINHTTP.dll
0x00007ffe8ac40000 - 0x00007ffe8aca9000 	C:\windows\system32\mswsock.dll
0x00007ffe6b1b0000 - 0x00007ffe6b1c6000 	C:\Program Files\Java\jdk-21\bin\nio.dll
0x00007ffe60e10000 - 0x00007ffe60e28000 	C:\Program Files\Java\jdk-21\bin\zip.dll
0x00007ffe6b3c0000 - 0x00007ffe6b3ca000 	C:\Program Files\Java\jdk-21\bin\management.dll
0x00007ffe6b1a0000 - 0x00007ffe6b1ab000 	C:\Program Files\Java\jdk-21\bin\management_ext.dll
0x00007ffe8c560000 - 0x00007ffe8c568000 	C:\windows\System32\PSAPI.DLL

dbghelp: loaded successfully - version: 4.0.5 - missing functions: none
symbol engine: initialized successfully - sym options: 0x614 - pdb path: .;C:\Program Files\Java\jdk-21\bin;C:\windows\SYSTEM32;C:\windows\WinSxS\amd64_microsoft.windows.common-controls_6595b64144ccf1df_6.0.22621.4541_none_2710d1c57384c085;C:\Program Files\Java\jdk-21\bin\server

VM Arguments:
jvm_args: -XX:+ShowCodeDetailsInExceptionMessages 
java_command: com.example.demo1.Demo1Application
java_class_path (initial): C:\Users\user\Documents\Spring projects\demo1\target\classes;C:\Users\user\.m2\repository\org\springframework\boot\spring-boot-starter-web\3.4.3\spring-boot-starter-web-3.4.3.jar;C:\Users\user\.m2\repository\org\springframework\boot\spring-boot-starter\3.4.3\spring-boot-starter-3.4.3.jar;C:\Users\user\.m2\repository\org\springframework\boot\spring-boot-starter-logging\3.4.3\spring-boot-starter-logging-3.4.3.jar;C:\Users\user\.m2\repository\ch\qos\logback\logback-classic\1.5.16\logback-classic-1.5.16.jar;C:\Users\user\.m2\repository\ch\qos\logback\logback-core\1.5.16\logback-core-1.5.16.jar;C:\Users\user\.m2\repository\org\apache\logging\log4j\log4j-to-slf4j\2.24.3\log4j-to-slf4j-2.24.3.jar;C:\Users\user\.m2\repository\org\apache\logging\log4j\log4j-api\2.24.3\log4j-api-2.24.3.jar;C:\Users\user\.m2\repository\org\slf4j\jul-to-slf4j\2.0.16\jul-to-slf4j-2.0.16.jar;C:\Users\user\.m2\repository\jakarta\annotation\jakarta.annotation-api\2.1.1\jakarta.annotation-api-2.1.1.jar;C:\Users\user\.m2\repository\org\yaml\snakeyaml\2.3\snakeyaml-2.3.jar;C:\Users\user\.m2\repository\org\springframework\boot\spring-boot-starter-json\3.4.3\spring-boot-starter-json-3.4.3.jar;C:\Users\user\.m2\repository\com\fasterxml\jackson\core\jackson-databind\2.18.2\jackson-databind-2.18.2.jar;C:\Users\user\.m2\repository\com\fasterxml\jackson\core\jackson-annotations\2.18.2\jackson-annotations-2.18.2.jar;C:\Users\user\.m2\repository\com\fasterxml\jackson\core\jackson-core\2.18.2\jackson-core-2.18.2.jar;C:\Users\user\.m2\repository\com\fasterxml\jackson\datatype\jackson-datatype-jdk8\2.18.2\jackson-datatype-jdk8-2.18.2.jar;C:\Users\user\.m2\repository\com\fasterxml\jackson\datatype\jackson-datatype-jsr310\2.18.2\jackson-datatype-jsr310-2.18.2.jar;C:\Users\user\.m2\repository\com\fasterxml\jackson\module\jackson-module-parameter-names\2.18.2\jackson-module-parameter-names-2.18.2.jar;C:\Users\user\.m2\repository\org\springframework\boot\spring-boot-starter-tomcat\3.4.3\spring-boot-starter-tomcat-3.4.3.jar;C:\Users\user\.m2\repository\org\apache\tomcat\embed\tomcat-embed-core\10.1.36\tomcat-embed-core-10.1.36.jar;C:\Users\user\.m2\repository\org\apache\tomcat\embed\tomcat-embed-el\10.1.36\tomcat-embed-el-10.1.36.jar;C:\Users\user\.m2\repository\org\apache\tomcat\embed\tomcat-embed-websocket\10.1.36\tomcat-embed-websocket-10.1.36.jar;C:\Users\user\.m2\repository\org\springframework\spring-web\6.2.3\spring-web-6.2.3.jar;C:\Users\user\.m2\repository\org\springframework\spring-beans\6.2.3\spring-beans-6.2.3.jar;C:\Users\user\.m2\repository\io\micrometer\micrometer-observation\1.14.4\micrometer-observation-1.14.4.jar;C:\Users\user\.m2\repository\io\micrometer\micrometer-commons\1.14.4\micrometer-commons-1.14.4.jar;C:\Users\user\.m2\repository\org\springframework\spring-webmvc\6.2.3\spring-webmvc-6.2.3.jar;C:\Users\user\.m2\repository\org\springframework\spring-aop\6.2.3\spring-aop-6.2.3.jar;C:\Users\user\.m2\repository\org\springframework\spring-context\6.2.3\spring-context-6.2.3.jar;C:\Users\user\.m2\repository\org\springframework\spring-expression\6.2.3\spring-expression-6.2.3.jar;C:\Users\user\.m2\repository\org\springframework\boot\spring-boot-devtools\3.4.3\spring-boot-devtools-3.4.3.jar;C:\Users\user\.m2\repository\org\springframework\boot\spring-boot\3.4.3\spring-boot-3.4.3.jar;C:\Users\user\.m2\repository\org\springframework\boot\spring-boot-autoconfigure\3.4.3\spring-boot-autoconfigure-3.4.3.jar;C:\Users\user\.m2\repository\com\mysql\mysql-connector-j\9.1.0\mysql-connector-j-9.1.0.jar;C:\Users\user\.m2\repository\org\slf4j\slf4j-api\2.0.16\slf4j-api-2.0.16.jar;C:\Users\user\.m2\repository\org\springframework\spring-core\6.2.3\spring-core-6.2.3.jar;C:\Users\user\.m2\repository\org\springframework\spring-jcl\6.2.3\spring-jcl-6.2.3.jar
Launcher Type: SUN_STANDARD

[Global flags]
     intx CICompilerCount                          = 4                                         {product} {ergonomic}
     uint ConcGCThreads                            = 3                                         {product} {ergonomic}
     uint G1ConcRefinementThreads                  = 10                                        {product} {ergonomic}
   size_t G1HeapRegionSize                         = 1048576                                   {product} {ergonomic}
    uintx GCDrainStackTargetSize                   = 64                                        {product} {ergonomic}
   size_t InitialHeapSize                          = 56623104                                  {product} {ergonomic}
   size_t MarkStackSize                            = 4194304                                   {product} {ergonomic}
   size_t MaxHeapSize                              = 899678208                                 {product} {ergonomic}
   size_t MaxNewSize                               = 538968064                                 {product} {ergonomic}
   size_t MinHeapDeltaBytes                        = 1048576                                   {product} {ergonomic}
   size_t MinHeapSize                              = 8388608                                   {product} {ergonomic}
    uintx NonNMethodCodeHeapSize                   = 5839372                                {pd product} {ergonomic}
    uintx NonProfiledCodeHeapSize                  = 122909434                              {pd product} {ergonomic}
    uintx ProfiledCodeHeapSize                     = 122909434                              {pd product} {ergonomic}
    uintx ReservedCodeCacheSize                    = 251658240                              {pd product} {ergonomic}
     bool SegmentedCodeCache                       = true                                      {product} {ergonomic}
     bool ShowCodeDetailsInExceptionMessages       = true                                   {manageable} {command line}
   size_t SoftMaxHeapSize                          = 899678208                              {manageable} {ergonomic}
     bool UseCompressedOops                        = true                           {product lp64_product} {ergonomic}
     bool UseG1GC                                  = true                                      {product} {ergonomic}
     bool UseLargePagesIndividualAllocation        = false                                  {pd product} {ergonomic}

Logging:
Log output configuration:
 #0: stdout all=warning uptime,level,tags foldmultilines=false
 #1: stderr all=off uptime,level,tags foldmultilines=false

Environment Variables:
PATH=C:\Program Files\Common Files\Oracle\Java\javapath;C:\windows\system32;C:\windows;C:\windows\System32\Wbem;C:\windows\System32\WindowsPowerShell\v1.0\;C:\windows\System32\OpenSSH\;C:\Program Files (x86)\Git\cmd;C:\Program Files\nodejs\;C:\Program Files\PuTTY\;C:\Program Files\Amazon\AWSCLIV2\;C:\Program Files\Vagrant\bin;C:\apache-maven-3.9.9;C:\apache-maven-3.9.9\bin;C:\Program Files\MySQL\MySQL Shell 8.0\bin\;C:\Users\user\AppData\Local\Programs\Python\Launcher\;C:\Users\user\AppData\Local\Microsoft\WindowsApps;C:\Users\user\AppData\Local\Programs\Microsoft VS Code\bin;C:\Users\user\AppData\Roaming\npm;C:\Program Files (x86)\Nmap;C:\apache-maven-3.9.9;C:\apache-maven-3.9.9\bin;
USERNAME=user
LANG=en_US.UTF-8
OS=Windows_NT
PROCESSOR_IDENTIFIER=AMD64 Family 25 Model 80 Stepping 0, AuthenticAMD
TMP=C:\Users\user\AppData\Local\Temp
TEMP=C:\Users\user\AppData\Local\Temp




Periodic native trim disabled

---------------  S Y S T E M  ---------------

OS:
 Windows 11 , 64 bit Build 22621 (10.0.22621.4391)
OS uptime: 0 days 8:05 hours
Hyper-V role detected

CPU: total 12 (initial active 12) (12 cores per cpu, 2 threads per core) family 25 model 80 stepping 0 microcode 0x0, cx8, cmov, fxsr, ht, mmx, 3dnowpref, sse, sse2, sse3, ssse3, sse4a, sse4.1, sse4.2, popcnt, lzcnt, tsc, tscinvbit, avx, avx2, aes, erms, clmul, bmi1, bmi2, adx, sha, fma, vzeroupper, clflush, clflushopt, hv, rdtscp, rdpid, fsrm, f16c, cet_ss
Processor Information for processor 0
  Max Mhz: 2301, Current Mhz: 1798, Mhz Limit: 2301
Processor Information for processor 1
  Max Mhz: 2301, Current Mhz: 1904, Mhz Limit: 2301
Processor Information for processor 2
  Max Mhz: 2301, Current Mhz: 1904, Mhz Limit: 2301
Processor Information for processor 3
  Max Mhz: 2301, Current Mhz: 1904, Mhz Limit: 2301
Processor Information for processor 4
  Max Mhz: 2301, Current Mhz: 1798, Mhz Limit: 2301
Processor Information for processor 5
  Max Mhz: 2301, Current Mhz: 1798, Mhz Limit: 2301
Processor Information for processor 6
  Max Mhz: 2301, Current Mhz: 1798, Mhz Limit: 2301
Processor Information for processor 7
  Max Mhz: 2301, Current Mhz: 1904, Mhz Limit: 2301
Processor Information for processor 8
  Max Mhz: 2301, Current Mhz: 1798, Mhz Limit: 2301
Processor Information for processor 9
  Max Mhz: 2301, Current Mhz: 1798, Mhz Limit: 2301
Processor Information for processor 10
  Max Mhz: 2301, Current Mhz: 1798, Mhz Limit: 2301
Processor Information for processor 11
  Max Mhz: 2301, Current Mhz: 1904, Mhz Limit: 2301

Memory: 4k page, system-wide physical 3424M (191M free)
TotalPageFile size 14176M (AvailPageFile size 90M)
current process WorkingSet (physical memory assigned to process): 86M, peak: 86M
current process commit charge ("private bytes"): 157M, peak: 157M

vm_info: Java HotSpot(TM) 64-Bit Server VM (21.0.1+12-LTS-29) for windows-amd64 JRE (21.0.1+12-LTS-29), built on 2023-10-05T13:27:09Z by "mach5one" with MS VC++ 17.1 (VS2022)

END.
